Unity Editor version:    2020.3.47f1 (5ef4f5b5e2d4)
Branch:                  2020.3/staging
Build type:              Release
Batch mode:              YES
macOS version:           Version 13.2.1 (Build 22D68)
Darwin version:          22.3.0
Architecture:            x86_64
Running under Rosetta:   NO
Available memory:        8192 MB
Using pre-set license
Pro License: NO

COMMAND LINE ARGUMENTS:
/Applications/Unity/Hub/Editor/2020.3.47f1/Unity.app/Contents/MacOS/Unity
-adb2
-batchMode
-noUpm
-name
AssetImportWorker0
-projectPath
/Users/rafamuinelorodriguez-payon/Documents/reflexiones 01/reflexiones 01
-logFile
Logs/AssetImportWorker0.log
-srvPort
61000
Successfully changed project path to: /Users/rafamuinelorodriguez-payon/Documents/reflexiones 01/reflexiones 01
/Users/rafamuinelorodriguez-payon/Documents/reflexiones 01/reflexiones 01
Using Asset Import Pipeline V2.
Player connection [140704624461440] Host "[IP] 192.168.1.137 [Port] 0 [Flags] 2 [Guid] 2677029545 [EditorId] 2677029545 [Version] 1048832 [Id] OSXEditor(0,MacBook-Air-de-Rafa.local) [Debug] 1 [PackageName] OSXEditor [ProjectName] Editor" joined multi-casting on [225.0.0.222:54997]...

Player connection [140704624461440] Host "[IP] 192.168.1.137 [Port] 0 [Flags] 2 [Guid] 2677029545 [EditorId] 2677029545 [Version] 1048832 [Id] OSXEditor(0,MacBook-Air-de-Rafa.local) [Debug] 1 [PackageName] OSXEditor [ProjectName] Editor" joined alternative multi-casting on [225.0.0.222:34997]...

Refreshing native plugins compatible for Editor in 108.31 ms, found 2 plugins.
Preloading 0 native plugins for Editor in 0.00 ms.
Initialize engine version: 2020.3.47f1 (5ef4f5b5e2d4)
[Subsystems] Discovering subsystems at path /Applications/Unity/Hub/Editor/2020.3.47f1/Unity.app/Contents/Resources/UnitySubsystems
[Subsystems] Discovering subsystems at path /Users/rafamuinelorodriguez-payon/Documents/reflexiones 01/reflexiones 01/Assets
GfxDevice: creating device client; threaded=0
2023-04-30 11:30:33.236 Unity[32599:12773028] Color LCD preferred device: Intel(R) Iris(TM) Plus Graphics (low power)
2023-04-30 11:30:33.236 Unity[32599:12773028] Metal devices available: 1
2023-04-30 11:30:33.236 Unity[32599:12773028] 0: Intel(R) Iris(TM) Plus Graphics (low power)
2023-04-30 11:30:33.236 Unity[32599:12773028] Using device Intel(R) Iris(TM) Plus Graphics (low power)
Initializing Metal device caps: Intel(R) Iris(TM) Plus Graphics
Initialize mono
Mono path[0] = '/Applications/Unity/Hub/Editor/2020.3.47f1/Unity.app/Contents/Managed'
Mono path[1] = '/Applications/Unity/Hub/Editor/2020.3.47f1/Unity.app/Contents/MonoBleedingEdge/lib/mono/unityjit'
Mono config path = '/Applications/Unity/Hub/Editor/2020.3.47f1/Unity.app/Contents/MonoBleedingEdge/etc'
Using monoOptions --debugger-agent=transport=dt_socket,embedding=1,server=y,suspend=n,address=127.0.0.1:56599
Begin MonoManager ReloadAssembly
Registering precompiled unity dll's ...
Register platform support module: /Applications/Unity/Hub/Editor/2020.3.47f1/Unity.app/Contents/PlaybackEngines/MacStandaloneSupport/UnityEditor.OSXStandalone.Extensions.dll
Registered in 0.003543 seconds.
Native extension for OSXStandalone target not found
Refreshing native plugins compatible for Editor in 43.87 ms, found 2 plugins.
Preloading 0 native plugins for Editor in 0.00 ms.
Mono: successfully reloaded assembly
- Completed reload, in  1.064 seconds
Domain Reload Profiling:
	ReloadAssembly (1065ms)
		BeginReloadAssembly (168ms)
			ExecutionOrderSort (0ms)
			DisableScriptedObjects (0ms)
			BackupInstance (0ms)
			ReleaseScriptingObjects (0ms)
			CreateAndSetChildDomain (2ms)
		EndReloadAssembly (757ms)
			LoadAssemblies (167ms)
			RebuildTransferFunctionScriptingTraits (3ms)
			SetupTypeCache (298ms)
			ReleaseScriptCaches (0ms)
			RebuildScriptCaches (54ms)
			SetupLoadedEditorAssemblies (274ms)
				LogAssemblyErrors (0ms)
				InitializePlatformSupportModulesInManaged (9ms)
				SetLoadedEditorAssemblies (1ms)
				RefreshPlugins (44ms)
				BeforeProcessingInitializeOnLoad (13ms)
				ProcessInitializeOnLoadAttributes (163ms)
				ProcessInitializeOnLoadMethodAttributes (44ms)
				AfterProcessingInitializeOnLoad (0ms)
				EditorAssembliesLoaded (1ms)
			ExecutionOrderSort2 (0ms)
			AwakeInstancesAfterBackupRestoration (0ms)
Platform modules already initialized, skipping
Registering precompiled user dll's ...
Registered in 0.001602 seconds.
Begin MonoManager ReloadAssembly
Native extension for OSXStandalone target not found
Refreshing native plugins compatible for Editor in 0.31 ms, found 2 plugins.
Preloading 0 native plugins for Editor in 0.00 ms.
Mono: successfully reloaded assembly
- Completed reload, in  1.496 seconds
Domain Reload Profiling:
	ReloadAssembly (1498ms)
		BeginReloadAssembly (200ms)
			ExecutionOrderSort (0ms)
			DisableScriptedObjects (5ms)
			BackupInstance (0ms)
			ReleaseScriptingObjects (0ms)
			CreateAndSetChildDomain (43ms)
		EndReloadAssembly (1180ms)
			LoadAssemblies (145ms)
			RebuildTransferFunctionScriptingTraits (0ms)
			SetupTypeCache (447ms)
			ReleaseScriptCaches (0ms)
			RebuildScriptCaches (68ms)
			SetupLoadedEditorAssemblies (397ms)
				LogAssemblyErrors (0ms)
				InitializePlatformSupportModulesInManaged (6ms)
				SetLoadedEditorAssemblies (1ms)
				RefreshPlugins (0ms)
				BeforeProcessingInitializeOnLoad (67ms)
				ProcessInitializeOnLoadAttributes (306ms)
				ProcessInitializeOnLoadMethodAttributes (15ms)
				AfterProcessingInitializeOnLoad (2ms)
				EditorAssembliesLoaded (0ms)
			ExecutionOrderSort2 (0ms)
			AwakeInstancesAfterBackupRestoration (3ms)
Platform modules already initialized, skipping
Validating Project structure ... 0.000259 seconds.
Shader import version has changed; will reimport all shaders...
Upgrading shader files ...0.000278 seconds.
Application.AssetDatabase Initial Script Refresh Start
RefreshInfo: InitialScriptRefreshV2(NoUpdateAssetOptions) scanfilter:  ... 1 filters
RefreshProfiler: Total: 0.000ms
Application.AssetDatabase Initial Script Refresh End
Application.AssetDatabase.Refresh Start
Application.AssetDatabase.Refresh End
RefreshInfo: StopAssetImportingV2(ForceSynchronousImport) scanfilter: 
RefreshProfiler: Total: 0.000ms
Launching external process: /Applications/Unity/Hub/Editor/2020.3.47f1/Unity.app/Contents/Tools/UnityShaderCompiler
Launched and connected shader compiler UnityShaderCompiler after 0.03 seconds
Initializing Unity extensions:
2023-04-30 11:30:37.973 Unity[32599:12773028] NSEventModifierFlagFunction specified to -setKeyEquivalentModifierMask: for item <NSMenuItem: 0x7fe73d024e50 Font Asset, ke='Command-F12'>, but is only supported for system-provided menu items; will not be used
2023-04-30 11:30:37.976 Unity[32599:12773028] NSEventModifierFlagFunction specified to -setKeyEquivalentModifierMask: for item <NSMenuItem: 0x7fe73d116330 Font Asset, ke='Command-F12'>, but is only supported for system-provided menu items; will not be used
========================================================================
Worker process is ready to serve import requests
Refreshing native plugins compatible for Editor in 0.36 ms, found 2 plugins.
Preloading 0 native plugins for Editor in 0.00 ms.
Unloading 1321 Unused Serialized files (Serialized files now loaded: 0)
System memory in use before: 79.5 MB.
System memory in use after: 78.8 MB.

Unloading 78 unused Assets to reduce memory usage. Loaded Objects now: 1796.
Total: 4.149527 ms (FindLiveObjects: 0.127099 ms CreateObjectMapping: 0.043641 ms MarkObjects: 2.859455 ms  DeleteObjects: 1.117937 ms)

AssetImportParameters requested are different than current active one (requested -> active):
  custom:video-decoder-ogg-theora: a1e56fd34408186e4bbccfd4996cb3dc -> 
  custom:container-muxer-webm: aa71ff27fc2769a1b78a27578f13a17b -> 
  custom:container-demuxer-webm: 4f35f7cbe854078d1ac9338744f61a02 -> 
  custom:container-demuxer-ogg: 62fdf1f143b41e24485cea50d1cbac27 -> 
  custom:video-encoder-webm-vp8: eb34c28f22e8b96e1ab97ce403110664 -> 
  custom:framework-osx-AVFoundation: e770b220cccbd017edd2c1fefb359320 -> 
  custom:video-decoder-webm-vp8: 9c59270c3fd7afecdb556c50c9e8de78 -> 
  custom:audio-decoder-ogg-vorbis: bf7c407c2cedff20999df2af8eb42d56 -> 
  custom:audio-encoder-webm-vorbis: bf7c407c2cedff20999df2af8eb42d56 -> 
========================================================================
Received Import Request.
  path: Assets/materiales
  artifactKey: Guid(7fc1a897bb4a046c2bd382470e5768b2) Importer(815301076,1909f56bfc062723c751e8b465ee728b)
Start importing Assets/materiales using Guid(7fc1a897bb4a046c2bd382470e5768b2) Importer(815301076,1909f56bfc062723c751e8b465ee728b)  -> (artifact id: 'cb87ec22200b761541f8bc911bf972d7') in 0.006604 seconds 
========================================================================
Received Import Request.
  Time since last request: 2.384256 seconds.
  path: Assets/materiales/New Material.mat
  artifactKey: Guid(10c5911f79aeb4fafba617a85336d80a) Importer(815301076,1909f56bfc062723c751e8b465ee728b)
Start importing Assets/materiales/New Material.mat using Guid(10c5911f79aeb4fafba617a85336d80a) Importer(815301076,1909f56bfc062723c751e8b465ee728b)  -> (artifact id: '4a577d317e89b778394c06a051f5f1e5') in 2.170748 seconds 
========================================================================
Received Import Request.
  Time since last request: 8.512138 seconds.
  path: Assets/materiales/esfera.mat
  artifactKey: Guid(10c5911f79aeb4fafba617a85336d80a) Importer(815301076,1909f56bfc062723c751e8b465ee728b)
Start importing Assets/materiales/esfera.mat using Guid(10c5911f79aeb4fafba617a85336d80a) Importer(815301076,1909f56bfc062723c751e8b465ee728b)  -> (artifact id: '230868fb2e63dd086b8eb0793fdf6732') in 0.015959 seconds 
========================================================================
Received Import Request.
  Time since last request: 215.439148 seconds.
  path: Assets
  artifactKey: Guid(00000000000000001000000000000000) Importer(815301076,1909f56bfc062723c751e8b465ee728b)
Start importing Assets using Guid(00000000000000001000000000000000) Importer(815301076,1909f56bfc062723c751e8b465ee728b)  -> (artifact id: '42d402b061de3733987d63b9cc3b64de') in 0.013453 seconds 
========================================================================
Received Prepare
Registering precompiled user dll's ...
Registered in 0.001266 seconds.
Begin MonoManager ReloadAssembly
Native extension for OSXStandalone target not found
Refreshing native plugins compatible for Editor in 0.34 ms, found 2 plugins.
Preloading 0 native plugins for Editor in 0.00 ms.
2023-04-30 11:35:16.752 Unity[32599:12773028] NSEventModifierFlagFunction specified to -setKeyEquivalentModifierMask: for item <NSMenuItem: 0x7fe73b1747d0 Font Asset, ke='Command-F12'>, but is only supported for system-provided menu items; will not be used
Mono: successfully reloaded assembly
- Completed reload, in  1.360 seconds
Domain Reload Profiling:
	ReloadAssembly (1363ms)
		BeginReloadAssembly (238ms)
			ExecutionOrderSort (0ms)
			DisableScriptedObjects (11ms)
			BackupInstance (0ms)
			ReleaseScriptingObjects (0ms)
			CreateAndSetChildDomain (127ms)
		EndReloadAssembly (1049ms)
			LoadAssemblies (109ms)
			RebuildTransferFunctionScriptingTraits (0ms)
			SetupTypeCache (379ms)
			ReleaseScriptCaches (1ms)
			RebuildScriptCaches (53ms)
			SetupLoadedEditorAssemblies (406ms)
				LogAssemblyErrors (0ms)
				InitializePlatformSupportModulesInManaged (5ms)
				SetLoadedEditorAssemblies (1ms)
				RefreshPlugins (0ms)
				BeforeProcessingInitializeOnLoad (101ms)
				ProcessInitializeOnLoadAttributes (287ms)
				ProcessInitializeOnLoadMethodAttributes (10ms)
				AfterProcessingInitializeOnLoad (2ms)
				EditorAssembliesLoaded (0ms)
			ExecutionOrderSort2 (0ms)
			AwakeInstancesAfterBackupRestoration (3ms)
Platform modules already initialized, skipping
Refreshing native plugins compatible for Editor in 0.35 ms, found 2 plugins.
Preloading 0 native plugins for Editor in 0.00 ms.
Unloading 1317 Unused Serialized files (Serialized files now loaded: 0)
System memory in use before: 81.8 MB.
System memory in use after: 81.9 MB.

Unloading 13 unused Assets to reduce memory usage. Loaded Objects now: 1842.
Total: 2.729076 ms (FindLiveObjects: 0.165413 ms CreateObjectMapping: 0.035430 ms MarkObjects: 2.423572 ms  DeleteObjects: 0.103672 ms)

AssetImportParameters requested are different than current active one (requested -> active):
  custom:video-decoder-ogg-theora: a1e56fd34408186e4bbccfd4996cb3dc -> 
  custom:container-muxer-webm: aa71ff27fc2769a1b78a27578f13a17b -> 
  custom:container-demuxer-webm: 4f35f7cbe854078d1ac9338744f61a02 -> 
  custom:container-demuxer-ogg: 62fdf1f143b41e24485cea50d1cbac27 -> 
  custom:video-encoder-webm-vp8: eb34c28f22e8b96e1ab97ce403110664 -> 
  custom:framework-osx-AVFoundation: e770b220cccbd017edd2c1fefb359320 -> 
  custom:video-decoder-webm-vp8: 9c59270c3fd7afecdb556c50c9e8de78 -> 
  custom:audio-decoder-ogg-vorbis: bf7c407c2cedff20999df2af8eb42d56 -> 
  custom:audio-encoder-webm-vorbis: bf7c407c2cedff20999df2af8eb42d56 -> 
========================================================================
Received Import Request.
  Time since last request: 71.542380 seconds.
  path: Assets/FreeFlyCamera
  artifactKey: Guid(686fc958fdb104ae58aae246b0c7d932) Importer(815301076,1909f56bfc062723c751e8b465ee728b)
Start importing Assets/FreeFlyCamera using Guid(686fc958fdb104ae58aae246b0c7d932) Importer(815301076,1909f56bfc062723c751e8b465ee728b)  -> (artifact id: '7801f1618db3fcc5a70f0cc51406ff54') in 0.010216 seconds 
========================================================================
Received Import Request.
  Time since last request: 5.035952 seconds.
  path: Assets/FreeFlyCamera/readme.txt
  artifactKey: Guid(4884ccef30647b541924654c47c779bb) Importer(815301076,1909f56bfc062723c751e8b465ee728b)
Start importing Assets/FreeFlyCamera/readme.txt using Guid(4884ccef30647b541924654c47c779bb) Importer(815301076,1909f56bfc062723c751e8b465ee728b)  -> (artifact id: 'cc08df8b2ce82364768564630c9b4c5d') in 3.133471 seconds 
========================================================================
Received Import Request.
  Time since last request: 97.279750 seconds.
  path: Assets/FreeFlyCamera/Scripts
  artifactKey: Guid(eeaac17fd74c9fb4592e12afe1203aab) Importer(815301076,1909f56bfc062723c751e8b465ee728b)
Start importing Assets/FreeFlyCamera/Scripts using Guid(eeaac17fd74c9fb4592e12afe1203aab) Importer(815301076,1909f56bfc062723c751e8b465ee728b)  -> (artifact id: '9d2d332df20ab6cc9cd89089495cc08a') in 0.003413 seconds 
========================================================================
Received Import Request.
  Time since last request: 446.333402 seconds.
  path: Assets/materiales/Skybox.mat
  artifactKey: Guid(5382468d0ee25447b929084a737088f2) Importer(815301076,1909f56bfc062723c751e8b465ee728b)
Start importing Assets/materiales/Skybox.mat using Guid(5382468d0ee25447b929084a737088f2) Importer(815301076,1909f56bfc062723c751e8b465ee728b)  -> (artifact id: '3350dfbd36864f62e05cc3cd5eb7c27d') in 0.222572 seconds 
========================================================================
Received Import Request.
  Time since last request: 505.021951 seconds.
  path: Assets/materiales/Cubemap.mat
  artifactKey: Guid(5a1ab5b054c124166844e428fad8e4e8) Importer(815301076,1909f56bfc062723c751e8b465ee728b)
Start importing Assets/materiales/Cubemap.mat using Guid(5a1ab5b054c124166844e428fad8e4e8) Importer(815301076,1909f56bfc062723c751e8b465ee728b)  -> (artifact id: '7f25f59251ca6302047478cde60acd85') in 0.376349 seconds 
========================================================================
Received Import Request.
  Time since last request: 77.807313 seconds.
  path: Assets/materiales/latlong_6_1.jpg
  artifactKey: Guid(262d3084c138f4604a017c510fdfe0c8) Importer(815301076,1909f56bfc062723c751e8b465ee728b)
Start importing Assets/materiales/latlong_6_1.jpg using Guid(262d3084c138f4604a017c510fdfe0c8) Importer(815301076,1909f56bfc062723c751e8b465ee728b)  -> (artifact id: 'fd8f3654e531b2c1fbc60ae8b5f1abdd') in 3.163896 seconds 
========================================================================
Received Import Request.
  Time since last request: 77.261946 seconds.
  path: Assets/materiales/latlong_6_1.jpg
  artifactKey: Guid(262d3084c138f4604a017c510fdfe0c8) Importer(815301076,1909f56bfc062723c751e8b465ee728b)
Start importing Assets/materiales/latlong_6_1.jpg using Guid(262d3084c138f4604a017c510fdfe0c8) Importer(815301076,1909f56bfc062723c751e8b465ee728b)  -> (artifact id: '1f34ddbf26710e7ee34283bbaeac5890') in 0.378013 seconds 
========================================================================
Received Import Request.
  Time since last request: 54.785240 seconds.
  path: Assets/FreeFlyCamera/Demo/Materials/Material2.mat
  artifactKey: Guid(040a3537ac934fb4f802f61d64b1df96) Importer(815301076,1909f56bfc062723c751e8b465ee728b)
Start importing Assets/FreeFlyCamera/Demo/Materials/Material2.mat using Guid(040a3537ac934fb4f802f61d64b1df96) Importer(815301076,1909f56bfc062723c751e8b465ee728b)  -> (artifact id: 'fdd8a455b02965ab66335e4a09e7bf18') in 0.055742 seconds 
========================================================================
Received Import Request.
  Time since last request: 0.001283 seconds.
  path: Assets/FreeFlyCamera/Demo/Materials/Material3.mat
  artifactKey: Guid(8b7360170dc9e0247bd14673208f98db) Importer(815301076,1909f56bfc062723c751e8b465ee728b)
Start importing Assets/FreeFlyCamera/Demo/Materials/Material3.mat using Guid(8b7360170dc9e0247bd14673208f98db) Importer(815301076,1909f56bfc062723c751e8b465ee728b)  -> (artifact id: '805d8364ea22e9719ce20daf421fc531') in 0.198563 seconds 
========================================================================
Received Import Request.
  Time since last request: 5.168314 seconds.
  path: Assets/FreeFlyCamera/Demo/Materials/Material1.mat
  artifactKey: Guid(3a271669d58f0234e89082b60f2cc74d) Importer(815301076,1909f56bfc062723c751e8b465ee728b)
Start importing Assets/FreeFlyCamera/Demo/Materials/Material1.mat using Guid(3a271669d58f0234e89082b60f2cc74d) Importer(815301076,1909f56bfc062723c751e8b465ee728b)  -> (artifact id: '87cdb5560e8094509f71f3ee87902102') in 0.018415 seconds 
========================================================================
Received Prepare
Registering precompiled user dll's ...
Registered in 0.003366 seconds.
Begin MonoManager ReloadAssembly
Native extension for OSXStandalone target not found
Refreshing native plugins compatible for Editor in 0.34 ms, found 2 plugins.
Preloading 0 native plugins for Editor in 0.00 ms.
2023-04-30 12:01:20.687 Unity[32599:12773028] NSEventModifierFlagFunction specified to -setKeyEquivalentModifierMask: for item <NSMenuItem: 0x7fe73b174aa0 Font Asset, ke='Command-F12'>, but is only supported for system-provided menu items; will not be used
Mono: successfully reloaded assembly
- Completed reload, in  1.971 seconds
Domain Reload Profiling:
	ReloadAssembly (1974ms)
		BeginReloadAssembly (603ms)
			ExecutionOrderSort (0ms)
			DisableScriptedObjects (18ms)
			BackupInstance (0ms)
			ReleaseScriptingObjects (0ms)
			CreateAndSetChildDomain (209ms)
		EndReloadAssembly (1206ms)
			LoadAssemblies (429ms)
			RebuildTransferFunctionScriptingTraits (0ms)
			SetupTypeCache (442ms)
			ReleaseScriptCaches (1ms)
			RebuildScriptCaches (60ms)
			SetupLoadedEditorAssemblies (409ms)
				LogAssemblyErrors (0ms)
				InitializePlatformSupportModulesInManaged (5ms)
				SetLoadedEditorAssemblies (1ms)
				RefreshPlugins (0ms)
				BeforeProcessingInitializeOnLoad (100ms)
				ProcessInitializeOnLoadAttributes (288ms)
				ProcessInitializeOnLoadMethodAttributes (12ms)
				AfterProcessingInitializeOnLoad (2ms)
				EditorAssembliesLoaded (0ms)
			ExecutionOrderSort2 (0ms)
			AwakeInstancesAfterBackupRestoration (3ms)
Platform modules already initialized, skipping
Refreshing native plugins compatible for Editor in 0.28 ms, found 2 plugins.
Preloading 0 native plugins for Editor in 0.00 ms.
Unloading 1317 Unused Serialized files (Serialized files now loaded: 0)
System memory in use before: 90.1 MB.
System memory in use after: 90.2 MB.

Unloading 12 unused Assets to reduce memory usage. Loaded Objects now: 1851.
Total: 2.731194 ms (FindLiveObjects: 0.143130 ms CreateObjectMapping: 0.036938 ms MarkObjects: 2.460016 ms  DeleteObjects: 0.089714 ms)

AssetImportParameters requested are different than current active one (requested -> active):
  custom:video-decoder-ogg-theora: a1e56fd34408186e4bbccfd4996cb3dc -> 
  custom:container-muxer-webm: aa71ff27fc2769a1b78a27578f13a17b -> 
  custom:container-demuxer-webm: 4f35f7cbe854078d1ac9338744f61a02 -> 
  custom:container-demuxer-ogg: 62fdf1f143b41e24485cea50d1cbac27 -> 
  custom:video-encoder-webm-vp8: eb34c28f22e8b96e1ab97ce403110664 -> 
  custom:framework-osx-AVFoundation: e770b220cccbd017edd2c1fefb359320 -> 
  custom:video-decoder-webm-vp8: 9c59270c3fd7afecdb556c50c9e8de78 -> 
  custom:audio-decoder-ogg-vorbis: bf7c407c2cedff20999df2af8eb42d56 -> 
  custom:audio-encoder-webm-vorbis: bf7c407c2cedff20999df2af8eb42d56 -> 
========================================================================
Received Import Request.
  Time since last request: 297.582344 seconds.
  path: Assets/materiales/space
  artifactKey: Guid(416e23bc92f634947a395892bf3b7500) Importer(815301076,1909f56bfc062723c751e8b465ee728b)
Start importing Assets/materiales/space using Guid(416e23bc92f634947a395892bf3b7500) Importer(815301076,1909f56bfc062723c751e8b465ee728b)  -> (artifact id: 'ec158e848715bcd5595a71fcb9716322') in 0.010866 seconds 
========================================================================
Received Import Request.
  Time since last request: 17.541896 seconds.
  path: Assets/materiales/backImage.png
  artifactKey: Guid(353797fe8b05547c9a95a8e9514ece09) Importer(815301076,1909f56bfc062723c751e8b465ee728b)
Start importing Assets/materiales/backImage.png using Guid(353797fe8b05547c9a95a8e9514ece09) Importer(815301076,1909f56bfc062723c751e8b465ee728b)  -> (artifact id: '1b6ebf473a85994a92e92f6c41895347') in 1.171610 seconds 
========================================================================
Received Import Request.
  Time since last request: 0.000322 seconds.
  path: Assets/materiales/upImage.png
  artifactKey: Guid(83c9cfa0f649844868d82cd5a62ab845) Importer(815301076,1909f56bfc062723c751e8b465ee728b)
Start importing Assets/materiales/upImage.png using Guid(83c9cfa0f649844868d82cd5a62ab845) Importer(815301076,1909f56bfc062723c751e8b465ee728b)  -> (artifact id: '9ed5227b201e5d3b8f17eccc144f6826') in 0.020640 seconds 
========================================================================
Received Import Request.
  Time since last request: 0.000352 seconds.
  path: Assets/materiales/leftImage.png
  artifactKey: Guid(ed9a22e2a2b9f47c2a129e27589fcfd9) Importer(815301076,1909f56bfc062723c751e8b465ee728b)
Start importing Assets/materiales/leftImage.png using Guid(ed9a22e2a2b9f47c2a129e27589fcfd9) Importer(815301076,1909f56bfc062723c751e8b465ee728b)  -> (artifact id: '8fb99553385b4f5472fae3a9e9a6a1a3') in 0.046718 seconds 
========================================================================
Received Import Request.
  Time since last request: 0.000339 seconds.
  path: Assets/materiales/frontImage.png
  artifactKey: Guid(30d3a93580c2d48778dc8766f174505a) Importer(815301076,1909f56bfc062723c751e8b465ee728b)
Start importing Assets/materiales/frontImage.png using Guid(30d3a93580c2d48778dc8766f174505a) Importer(815301076,1909f56bfc062723c751e8b465ee728b)  -> (artifact id: '656f6cb6220630b86132589c21bb05c5') in 0.027692 seconds 
========================================================================
Received Import Request.
  Time since last request: 0.000692 seconds.
  path: Assets/materiales/rightImage.png
  artifactKey: Guid(6a471fe30a5de40c99cab8aef33954bd) Importer(815301076,1909f56bfc062723c751e8b465ee728b)
Start importing Assets/materiales/rightImage.png using Guid(6a471fe30a5de40c99cab8aef33954bd) Importer(815301076,1909f56bfc062723c751e8b465ee728b)  -> (artifact id: 'f5a39ddd4ef15907b42c4b160f2a47f5') in 0.049171 seconds 
========================================================================
Received Import Request.
  Time since last request: 0.002979 seconds.
  path: Assets/materiales/downImage.png
  artifactKey: Guid(0e4e53fbe01b24d6f9747604c9d2f794) Importer(815301076,1909f56bfc062723c751e8b465ee728b)
Start importing Assets/materiales/downImage.png using Guid(0e4e53fbe01b24d6f9747604c9d2f794) Importer(815301076,1909f56bfc062723c751e8b465ee728b)  -> (artifact id: '3baed940b0871ed9c3cd8da8ce9886cc') in 0.053043 seconds 
========================================================================
Received Import Request.
  Time since last request: 63.275700 seconds.
  path: Assets/materiales/redspace.mat
  artifactKey: Guid(52e561919562b48f4bc806ac34ff53a6) Importer(815301076,1909f56bfc062723c751e8b465ee728b)
Start importing Assets/materiales/redspace.mat using Guid(52e561919562b48f4bc806ac34ff53a6) Importer(815301076,1909f56bfc062723c751e8b465ee728b)  -> (artifact id: 'd44c3a046426ff6309cd664a5223d5af') in 0.098882 seconds 
========================================================================
Received Import Request.
  Time since last request: 24.263130 seconds.
  path: Packages/com.unity.textmeshpro/Editor Resources/Textures/btn_AlignBaseLine.psd
  artifactKey: Guid(8bc445bb79654bf496c92d0407840a92) Importer(815301076,1909f56bfc062723c751e8b465ee728b)
Start importing Packages/com.unity.textmeshpro/Editor Resources/Textures/btn_AlignBaseLine.psd using Guid(8bc445bb79654bf496c92d0407840a92) Importer(815301076,1909f56bfc062723c751e8b465ee728b)  -> (artifact id: '481dfd260bd2ced40f28d8ee0a200a0e') in 1.474521 seconds 
========================================================================
Received Import Request.
  Time since last request: 0.000350 seconds.
  path: Packages/com.unity.textmeshpro/Editor Resources/Textures/btn_AlignBaseLine_Light.psd
  artifactKey: Guid(18775b51e3bd42299fd30bd036ea982f) Importer(815301076,1909f56bfc062723c751e8b465ee728b)
Start importing Packages/com.unity.textmeshpro/Editor Resources/Textures/btn_AlignBaseLine_Light.psd using Guid(18775b51e3bd42299fd30bd036ea982f) Importer(815301076,1909f56bfc062723c751e8b465ee728b)  -> (artifact id: 'd6920f647097598abdad5d60c21b7c15') in 0.012793 seconds 
========================================================================
Received Import Request.
  Time since last request: 0.000330 seconds.
  path: Packages/com.unity.textmeshpro/Editor Resources/Textures/btn_AlignCapLine.psd
  artifactKey: Guid(0d9a36012a224080966c7b55896aa0f9) Importer(815301076,1909f56bfc062723c751e8b465ee728b)
Start importing Packages/com.unity.textmeshpro/Editor Resources/Textures/btn_AlignCapLine.psd using Guid(0d9a36012a224080966c7b55896aa0f9) Importer(815301076,1909f56bfc062723c751e8b465ee728b)  -> (artifact id: 'c80d554f28610d99083901d57b874ffb') in 0.024458 seconds 
========================================================================
Received Import Request.
  Time since last request: 0.000427 seconds.
  path: Packages/com.unity.textmeshpro/Editor Resources/Textures/btn_AlignBottom.psd
  artifactKey: Guid(ca51b19024094d1b87f3e07edb0a75fb) Importer(815301076,1909f56bfc062723c751e8b465ee728b)
Start importing Packages/com.unity.textmeshpro/Editor Resources/Textures/btn_AlignBottom.psd using Guid(ca51b19024094d1b87f3e07edb0a75fb) Importer(815301076,1909f56bfc062723c751e8b465ee728b)  -> (artifact id: '1fbd6306b4f00fe73893422822db9a55') in 0.014354 seconds 
========================================================================
Received Import Request.
  Time since last request: 0.000370 seconds.
  path: Packages/com.unity.textmeshpro/Editor Resources/Textures/btn_AlignCenter.psd
  artifactKey: Guid(81ed8c76d2bc4a4c95d092c98af4e58f) Importer(815301076,1909f56bfc062723c751e8b465ee728b)
Start importing Packages/com.unity.textmeshpro/Editor Resources/Textures/btn_AlignCenter.psd using Guid(81ed8c76d2bc4a4c95d092c98af4e58f) Importer(815301076,1909f56bfc062723c751e8b465ee728b)  -> (artifact id: '610e0138fdbfdae2f2dc3c99af054729') in 0.015762 seconds 
========================================================================
Received Import Request.
  Time since last request: 0.000325 seconds.
  path: Packages/com.unity.textmeshpro/Editor Resources/Textures/btn_AlignBottom_Light.psd
  artifactKey: Guid(585b70cb75dd43efbfead809c30a1731) Importer(815301076,1909f56bfc062723c751e8b465ee728b)
Start importing Packages/com.unity.textmeshpro/Editor Resources/Textures/btn_AlignBottom_Light.psd using Guid(585b70cb75dd43efbfead809c30a1731) Importer(815301076,1909f56bfc062723c751e8b465ee728b)  -> (artifact id: '6a3140ad6277d0da42ac315d95baefd3') in 0.051458 seconds 
========================================================================
Received Import Request.
  Time since last request: 0.001188 seconds.
  path: Packages/com.unity.textmeshpro/Editor Resources/Textures/btn_AlignCapLine_Light.psd
  artifactKey: Guid(49679f302ac6408697f6b9314a38985c) Importer(815301076,1909f56bfc062723c751e8b465ee728b)
Start importing Packages/com.unity.textmeshpro/Editor Resources/Textures/btn_AlignCapLine_Light.psd using Guid(49679f302ac6408697f6b9314a38985c) Importer(815301076,1909f56bfc062723c751e8b465ee728b)  -> (artifact id: 'dfdd2f54335f1f3f3ee6e79a73fef720') in 0.018608 seconds 
========================================================================
Received Import Request.
  Time since last request: 19.382082 seconds.
  path: Packages/com.unity.textmeshpro/Editor Resources/Textures/btn_AlignLeft.psd
  artifactKey: Guid(9288066c33474b94b6ee5465f4df1cc0) Importer(815301076,1909f56bfc062723c751e8b465ee728b)
Start importing Packages/com.unity.textmeshpro/Editor Resources/Textures/btn_AlignLeft.psd using Guid(9288066c33474b94b6ee5465f4df1cc0) Importer(815301076,1909f56bfc062723c751e8b465ee728b)  -> (artifact id: '7b7766c813eb16d8ceaf6f4e1f7f30ad') in 0.012119 seconds 
========================================================================
Received Import Request.
  Time since last request: 0.000347 seconds.
  path: Packages/com.unity.collab-proxy/Editor/PlasticSCM/Assets/Images/d_icondeletedlocaloverlay.png
  artifactKey: Guid(4da274d970a82a943ae3979e7833f3dd) Importer(815301076,1909f56bfc062723c751e8b465ee728b)
Start importing Packages/com.unity.collab-proxy/Editor/PlasticSCM/Assets/Images/d_icondeletedlocaloverlay.png using Guid(4da274d970a82a943ae3979e7833f3dd) Importer(815301076,1909f56bfc062723c751e8b465ee728b)  -> (artifact id: '506671063f1f943a4cc566a48771572f') in 0.055410 seconds 
========================================================================
Received Import Request.
  Time since last request: 0.000468 seconds.
  path: Packages/com.unity.collab-proxy/Editor/PlasticSCM/Assets/Images/d_icondeletedlocaloverlay@2x.png
  artifactKey: Guid(92b204cca46037444ab18ba6701f86f7) Importer(815301076,1909f56bfc062723c751e8b465ee728b)
Start importing Packages/com.unity.collab-proxy/Editor/PlasticSCM/Assets/Images/d_icondeletedlocaloverlay@2x.png using Guid(92b204cca46037444ab18ba6701f86f7) Importer(815301076,1909f56bfc062723c751e8b465ee728b)  -> (artifact id: '0c07de06b1837af0ffcb8b03a1f09762') in 0.050369 seconds 
========================================================================
Received Import Request.
  Time since last request: 0.001861 seconds.
  path: Packages/com.unity.textmeshpro/Editor Resources/Textures/btn_AlignLeft_Light.psd
  artifactKey: Guid(12736c98af174f91827a26b66d2b01b9) Importer(815301076,1909f56bfc062723c751e8b465ee728b)
Start importing Packages/com.unity.textmeshpro/Editor Resources/Textures/btn_AlignLeft_Light.psd using Guid(12736c98af174f91827a26b66d2b01b9) Importer(815301076,1909f56bfc062723c751e8b465ee728b)  -> (artifact id: '95155aa2b70114ae8e6bdb47048d6cbc') in 0.021841 seconds 
========================================================================
Received Import Request.
  Time since last request: 0.001457 seconds.
  path: Packages/com.unity.textmeshpro/Editor Resources/Textures/btn_AlignMiddle_Light.psd
  artifactKey: Guid(066619c9c9c84f89acb1b48c11a7efe2) Importer(815301076,1909f56bfc062723c751e8b465ee728b)
Start importing Packages/com.unity.textmeshpro/Editor Resources/Textures/btn_AlignMiddle_Light.psd using Guid(066619c9c9c84f89acb1b48c11a7efe2) Importer(815301076,1909f56bfc062723c751e8b465ee728b)  -> (artifact id: '542819bd709eb050925182940250249b') in 0.029295 seconds 
========================================================================
Received Import Request.
  Time since last request: 0.000513 seconds.
  path: Packages/com.unity.collab-proxy/Editor/PlasticSCM/Assets/Images/d_icondeletedremote.png
  artifactKey: Guid(23e66f7264c74424889342127f229577) Importer(815301076,1909f56bfc062723c751e8b465ee728b)
Start importing Packages/com.unity.collab-proxy/Editor/PlasticSCM/Assets/Images/d_icondeletedremote.png using Guid(23e66f7264c74424889342127f229577) Importer(815301076,1909f56bfc062723c751e8b465ee728b)  -> (artifact id: 'f46f60d6db97b1fb5a6f6d75f3a69d92') in 0.051174 seconds 
========================================================================
Received Import Request.
  Time since last request: 0.000729 seconds.
  path: Packages/com.unity.textmeshpro/Editor Resources/Textures/btn_AlignMiddle.psd
  artifactKey: Guid(41b96614b2e6494ba995ddcd252d11ae) Importer(815301076,1909f56bfc062723c751e8b465ee728b)
Start importing Packages/com.unity.textmeshpro/Editor Resources/Textures/btn_AlignMiddle.psd using Guid(41b96614b2e6494ba995ddcd252d11ae) Importer(815301076,1909f56bfc062723c751e8b465ee728b)  -> (artifact id: '78e2c9fa8328d550c2d91eb1192ffa51') in 0.025395 seconds 
========================================================================
Received Import Request.
  Time since last request: 0.000482 seconds.
  path: Packages/com.unity.collab-proxy/Editor/PlasticSCM/Assets/Images/buttonssosigningoogle.png
  artifactKey: Guid(f09eae8c0ea04254b90c5386a034a225) Importer(815301076,1909f56bfc062723c751e8b465ee728b)
Start importing Packages/com.unity.collab-proxy/Editor/PlasticSCM/Assets/Images/buttonssosigningoogle.png using Guid(f09eae8c0ea04254b90c5386a034a225) Importer(815301076,1909f56bfc062723c751e8b465ee728b)  -> (artifact id: '91cfbea1806499afaeeecc869bb07b68') in 0.034489 seconds 
========================================================================
Received Import Request.
  Time since last request: 5.423661 seconds.
  path: Packages/com.unity.textmeshpro/Editor Resources/Textures/btn_AlignCenter_Light.psd
  artifactKey: Guid(6ace62d30f494c948b71d5594afce11d) Importer(815301076,1909f56bfc062723c751e8b465ee728b)
Start importing Packages/com.unity.textmeshpro/Editor Resources/Textures/btn_AlignCenter_Light.psd using Guid(6ace62d30f494c948b71d5594afce11d) Importer(815301076,1909f56bfc062723c751e8b465ee728b)  -> (artifact id: '565ed80659e1dde05c371f6069dfbe8a') in 0.014308 seconds 
========================================================================
Received Import Request.
  Time since last request: 0.000270 seconds.
  path: Packages/com.unity.collab-proxy/Editor/PlasticSCM/Assets/Images/d_iconaddedoverlay@2x.png
  artifactKey: Guid(a6fbd5a181bc51e42a61a73fe8d727c8) Importer(815301076,1909f56bfc062723c751e8b465ee728b)
Start importing Packages/com.unity.collab-proxy/Editor/PlasticSCM/Assets/Images/d_iconaddedoverlay@2x.png using Guid(a6fbd5a181bc51e42a61a73fe8d727c8) Importer(815301076,1909f56bfc062723c751e8b465ee728b)  -> (artifact id: '0b500c05648c0274dcd3c34770145b60') in 0.023909 seconds 
========================================================================
Received Import Request.
  Time since last request: 0.000885 seconds.
  path: Packages/com.unity.textmeshpro/Editor Resources/Textures/btn_AlignRight_Light.psd
  artifactKey: Guid(e05ace3bd15740cda0bad60d89092a5b) Importer(815301076,1909f56bfc062723c751e8b465ee728b)
Start importing Packages/com.unity.textmeshpro/Editor Resources/Textures/btn_AlignRight_Light.psd using Guid(e05ace3bd15740cda0bad60d89092a5b) Importer(815301076,1909f56bfc062723c751e8b465ee728b)  -> (artifact id: 'f43e6ce2c7b90d1a24ef5e5029f31d3c') in 0.009696 seconds 
========================================================================
Received Import Request.
  Time since last request: 0.000448 seconds.
  path: Packages/com.unity.textmeshpro/Editor Resources/Textures/btn_AlignCenterGeo.psd
  artifactKey: Guid(c76700ea0062413d9f69409b4e9e151b) Importer(815301076,1909f56bfc062723c751e8b465ee728b)
Start importing Packages/com.unity.textmeshpro/Editor Resources/Textures/btn_AlignCenterGeo.psd using Guid(c76700ea0062413d9f69409b4e9e151b) Importer(815301076,1909f56bfc062723c751e8b465ee728b)  -> (artifact id: 'ef7a2697278633fcd2d5f16656ade233') in 0.019505 seconds 
========================================================================
Received Import Request.
  Time since last request: 0.000420 seconds.
  path: Packages/com.unity.textmeshpro/Editor Resources/Textures/btn_AlignCenterGeo_Light.psd
  artifactKey: Guid(35ff0937876540d3bd4b6a941df62a92) Importer(815301076,1909f56bfc062723c751e8b465ee728b)
Start importing Packages/com.unity.textmeshpro/Editor Resources/Textures/btn_AlignCenterGeo_Light.psd using Guid(35ff0937876540d3bd4b6a941df62a92) Importer(815301076,1909f56bfc062723c751e8b465ee728b)  -> (artifact id: '0f021fc240d6c95549f3222e47c26550') in 0.043921 seconds 
========================================================================
Received Import Request.
  Time since last request: 0.001436 seconds.
  path: Packages/com.unity.textmeshpro/Editor Resources/Textures/btn_AlignRight.psd
  artifactKey: Guid(342a0f8aca7f4f0691338912faec0494) Importer(815301076,1909f56bfc062723c751e8b465ee728b)
Start importing Packages/com.unity.textmeshpro/Editor Resources/Textures/btn_AlignRight.psd using Guid(342a0f8aca7f4f0691338912faec0494) Importer(815301076,1909f56bfc062723c751e8b465ee728b)  -> (artifact id: '337d41acee7c7de999747402c4b5151d') in 0.019768 seconds 
========================================================================
Received Import Request.
  Time since last request: 0.000415 seconds.
  path: Packages/com.unity.collab-proxy/Editor/PlasticSCM/Assets/Images/d_iconaddedoverlay.png
  artifactKey: Guid(73d124bf77e463c45942d14136745d9f) Importer(815301076,1909f56bfc062723c751e8b465ee728b)
Start importing Packages/com.unity.collab-proxy/Editor/PlasticSCM/Assets/Images/d_iconaddedoverlay.png using Guid(73d124bf77e463c45942d14136745d9f) Importer(815301076,1909f56bfc062723c751e8b465ee728b)  -> (artifact id: 'ca0d78e395725746c3249572631d03c0') in 0.042019 seconds 
========================================================================
Received Import Request.
  Time since last request: 0.113872 seconds.
  path: Packages/com.unity.collab-proxy/Editor/PlasticSCM/Assets/Images/d_iconprivateoverlay.png
  artifactKey: Guid(059fb5367594a3343814dc25ace454b3) Importer(815301076,1909f56bfc062723c751e8b465ee728b)
Start importing Packages/com.unity.collab-proxy/Editor/PlasticSCM/Assets/Images/d_iconprivateoverlay.png using Guid(059fb5367594a3343814dc25ace454b3) Importer(815301076,1909f56bfc062723c751e8b465ee728b)  -> (artifact id: '470621c951be5b4b6cedecdb32e32d8d') in 0.020210 seconds 
========================================================================
Received Import Request.
  Time since last request: 0.000355 seconds.
  path: Packages/com.unity.timeline/Editor/StyleSheets/Images/Icons/d_TimelineEditModeRippleON.png
  artifactKey: Guid(67a774c4384aa6c488128e2851b18ced) Importer(815301076,1909f56bfc062723c751e8b465ee728b)
Start importing Packages/com.unity.timeline/Editor/StyleSheets/Images/Icons/d_TimelineEditModeRippleON.png using Guid(67a774c4384aa6c488128e2851b18ced) Importer(815301076,1909f56bfc062723c751e8b465ee728b)  -> (artifact id: 'c128896852064758c950e207c0951b03') in 0.012096 seconds 
========================================================================
Received Import Request.
  Time since last request: 0.000545 seconds.
  path: Packages/com.unity.timeline/Editor/StyleSheets/Images/Icons/d_TimelineHeaderMarkerIcon.png
  artifactKey: Guid(4f8d98ef7dbbe3d469e14c04722cbeed) Importer(815301076,1909f56bfc062723c751e8b465ee728b)
Start importing Packages/com.unity.timeline/Editor/StyleSheets/Images/Icons/d_TimelineHeaderMarkerIcon.png using Guid(4f8d98ef7dbbe3d469e14c04722cbeed) Importer(815301076,1909f56bfc062723c751e8b465ee728b)  -> (artifact id: '19cde99a2ae1c17e8db6a3a57bded084') in 0.025189 seconds 
========================================================================
Received Import Request.
  Time since last request: 0.002131 seconds.
  path: Packages/com.unity.timeline/Editor/StyleSheets/Images/Icons/d_TimelineEditModeRippleOFF.png
  artifactKey: Guid(411e6f19c19fa0546af83aeb59c2ed4b) Importer(815301076,1909f56bfc062723c751e8b465ee728b)
Start importing Packages/com.unity.timeline/Editor/StyleSheets/Images/Icons/d_TimelineEditModeRippleOFF.png using Guid(411e6f19c19fa0546af83aeb59c2ed4b) Importer(815301076,1909f56bfc062723c751e8b465ee728b)  -> (artifact id: '518954aac4bd1aa23c22eedeb800c5a3') in 0.023334 seconds 
========================================================================
Received Import Request.
  Time since last request: 0.000294 seconds.
  path: Packages/com.unity.collab-proxy/Editor/PlasticSCM/Assets/Images/iconprivateoverlay@2x.png
  artifactKey: Guid(40685941c1361aa4a957b61174bce3f6) Importer(815301076,1909f56bfc062723c751e8b465ee728b)
Start importing Packages/com.unity.collab-proxy/Editor/PlasticSCM/Assets/Images/iconprivateoverlay@2x.png using Guid(40685941c1361aa4a957b61174bce3f6) Importer(815301076,1909f56bfc062723c751e8b465ee728b)  -> (artifact id: '47fd2f55e3b41f96d9a5e4988bc35178') in 0.036679 seconds 
========================================================================
Received Import Request.
  Time since last request: 0.000841 seconds.
  path: Packages/com.unity.collab-proxy/Editor/PlasticSCM/Assets/Images/d_iconprivateoverlay@2x.png
  artifactKey: Guid(7f854f490da24e54f9e8383e446b5d81) Importer(815301076,1909f56bfc062723c751e8b465ee728b)
Start importing Packages/com.unity.collab-proxy/Editor/PlasticSCM/Assets/Images/d_iconprivateoverlay@2x.png using Guid(7f854f490da24e54f9e8383e446b5d81) Importer(815301076,1909f56bfc062723c751e8b465ee728b)  -> (artifact id: 'a53f12e7e76b38f924b3814f1ed6d892') in 0.025585 seconds 
========================================================================
Received Import Request.
  Time since last request: 7.043840 seconds.
  path: Packages/com.unity.textmeshpro/Editor Resources/Textures/btn_AlignTop.psd
  artifactKey: Guid(48d034c499ee4697af9dd6e327110249) Importer(815301076,1909f56bfc062723c751e8b465ee728b)
Start importing Packages/com.unity.textmeshpro/Editor Resources/Textures/btn_AlignTop.psd using Guid(48d034c499ee4697af9dd6e327110249) Importer(815301076,1909f56bfc062723c751e8b465ee728b)  -> (artifact id: '6610e3347df94f5d31c92b254b0b9a43') in 0.034244 seconds 
========================================================================
Received Import Request.
  Time since last request: 0.000324 seconds.
  path: Packages/com.unity.collab-proxy/Editor/PlasticSCM/Assets/Images/d_iconemptygravatar@2x.png
  artifactKey: Guid(0ac55f9f886d827408c102bdf33c5ff7) Importer(815301076,1909f56bfc062723c751e8b465ee728b)
Start importing Packages/com.unity.collab-proxy/Editor/PlasticSCM/Assets/Images/d_iconemptygravatar@2x.png using Guid(0ac55f9f886d827408c102bdf33c5ff7) Importer(815301076,1909f56bfc062723c751e8b465ee728b)  -> (artifact id: '6d5e0369aba739eb2d9655f8fce2a0ba') in 0.016371 seconds 
========================================================================
Received Import Request.
  Time since last request: 0.000566 seconds.
  path: Packages/com.unity.collab-proxy/Editor/PlasticSCM/Assets/Images/d_iconplasticnotifyconflict.png
  artifactKey: Guid(51582ae5ea51fa14996791a550f89473) Importer(815301076,1909f56bfc062723c751e8b465ee728b)
Start importing Packages/com.unity.collab-proxy/Editor/PlasticSCM/Assets/Images/d_iconplasticnotifyconflict.png using Guid(51582ae5ea51fa14996791a550f89473) Importer(815301076,1909f56bfc062723c751e8b465ee728b)  -> (artifact id: 'f4d7becf20257be00dd5ecf0683d32be') in 0.015980 seconds 
========================================================================
Received Import Request.
  Time since last request: 0.000844 seconds.
  path: Packages/com.unity.collab-proxy/Editor/PlasticSCM/Assets/Images/d_iconplasticnotifyconflict@2x.png
  artifactKey: Guid(23743f0c0ed1e6546808a5d645c2a6a5) Importer(815301076,1909f56bfc062723c751e8b465ee728b)
Start importing Packages/com.unity.collab-proxy/Editor/PlasticSCM/Assets/Images/d_iconplasticnotifyconflict@2x.png using Guid(23743f0c0ed1e6546808a5d645c2a6a5) Importer(815301076,1909f56bfc062723c751e8b465ee728b)  -> (artifact id: '388d133b972dac92906949b47acb758b') in 0.017008 seconds 
========================================================================
Received Import Request.
  Time since last request: 0.000296 seconds.
  path: Packages/com.unity.textmeshpro/Editor Resources/Textures/btn_AlignTop_Light.psd
  artifactKey: Guid(ed041e68439749a69d0efa0e3d896c2e) Importer(815301076,1909f56bfc062723c751e8b465ee728b)
Start importing Packages/com.unity.textmeshpro/Editor Resources/Textures/btn_AlignTop_Light.psd using Guid(ed041e68439749a69d0efa0e3d896c2e) Importer(815301076,1909f56bfc062723c751e8b465ee728b)  -> (artifact id: '883c89a752825046ed6a1160685f395f') in 0.039505 seconds 
========================================================================
Received Import Request.
  Time since last request: 0.000348 seconds.
  path: Packages/com.unity.collab-proxy/Editor/PlasticSCM/Assets/Images/d_iconemptygravatar.png
  artifactKey: Guid(9aebd705574f9e642aef1e5f59b3e4d8) Importer(815301076,1909f56bfc062723c751e8b465ee728b)
Start importing Packages/com.unity.collab-proxy/Editor/PlasticSCM/Assets/Images/d_iconemptygravatar.png using Guid(9aebd705574f9e642aef1e5f59b3e4d8) Importer(815301076,1909f56bfc062723c751e8b465ee728b)  -> (artifact id: 'f1119e1d22ab528b66c1f186eacd8de5') in 0.038679 seconds 
========================================================================
Received Import Request.
  Time since last request: 2.576373 seconds.
  path: Packages/com.unity.textmeshpro/Editor Resources/Textures/btn_AlignFlush.psd
  artifactKey: Guid(691475c57a824010be0c6f474caeb7e1) Importer(815301076,1909f56bfc062723c751e8b465ee728b)
Start importing Packages/com.unity.textmeshpro/Editor Resources/Textures/btn_AlignFlush.psd using Guid(691475c57a824010be0c6f474caeb7e1) Importer(815301076,1909f56bfc062723c751e8b465ee728b)  -> (artifact id: 'd0fb820fe6db51d384bd4fc99505c17c') in 0.011187 seconds 
========================================================================
Received Import Request.
  Time since last request: 0.000340 seconds.
  path: Packages/com.unity.collab-proxy/Editor/PlasticSCM/Assets/Images/buttonssosigninunity.png
  artifactKey: Guid(f9161c6c9e06dc445ada3ee16d991f90) Importer(815301076,1909f56bfc062723c751e8b465ee728b)
Start importing Packages/com.unity.collab-proxy/Editor/PlasticSCM/Assets/Images/buttonssosigninunity.png using Guid(f9161c6c9e06dc445ada3ee16d991f90) Importer(815301076,1909f56bfc062723c751e8b465ee728b)  -> (artifact id: 'e3fd5bc7e79d527dc46e093f3e87daac') in 0.020376 seconds 
========================================================================
Received Import Request.
  Time since last request: 0.000489 seconds.
  path: Packages/com.unity.textmeshpro/Editor Resources/Textures/btn_AlignJustified.psd
  artifactKey: Guid(92027f7f8cfc4feaa477da0dc38d3d46) Importer(815301076,1909f56bfc062723c751e8b465ee728b)
Start importing Packages/com.unity.textmeshpro/Editor Resources/Textures/btn_AlignJustified.psd using Guid(92027f7f8cfc4feaa477da0dc38d3d46) Importer(815301076,1909f56bfc062723c751e8b465ee728b)  -> (artifact id: 'f7d512d1b424cbb4c3817b709262cc70') in 0.015227 seconds 
========================================================================
Received Import Request.
  Time since last request: 0.000608 seconds.
  path: Packages/com.unity.textmeshpro/Editor Resources/Textures/btn_AlignFlush_Light.psd
  artifactKey: Guid(64b9fad609434c489c32b1cdf2004a1c) Importer(815301076,1909f56bfc062723c751e8b465ee728b)
Start importing Packages/com.unity.textmeshpro/Editor Resources/Textures/btn_AlignFlush_Light.psd using Guid(64b9fad609434c489c32b1cdf2004a1c) Importer(815301076,1909f56bfc062723c751e8b465ee728b)  -> (artifact id: '8d614b1bf5bd9c0f38743173e1c01fc1') in 0.023471 seconds 
========================================================================
Received Import Request.
  Time since last request: 0.000395 seconds.
  path: Packages/com.unity.collab-proxy/Editor/PlasticSCM/Assets/Images/buttonssosigninemail.png
  artifactKey: Guid(d24e7e0b75e1a244bb9687d6fd4315ef) Importer(815301076,1909f56bfc062723c751e8b465ee728b)
Start importing Packages/com.unity.collab-proxy/Editor/PlasticSCM/Assets/Images/buttonssosigninemail.png using Guid(d24e7e0b75e1a244bb9687d6fd4315ef) Importer(815301076,1909f56bfc062723c751e8b465ee728b)  -> (artifact id: '26d36b709c50d6b9456500bc4ecdacfc') in 0.017960 seconds 
========================================================================
Received Import Request.
  Time since last request: 0.001693 seconds.
  path: Packages/com.unity.collab-proxy/Editor/PlasticSCM/Assets/Images/buttonssosigninemail@2x.png
  artifactKey: Guid(ddf2e76e8a1f88f46ae1e42277850b48) Importer(815301076,1909f56bfc062723c751e8b465ee728b)
Start importing Packages/com.unity.collab-proxy/Editor/PlasticSCM/Assets/Images/buttonssosigninemail@2x.png using Guid(ddf2e76e8a1f88f46ae1e42277850b48) Importer(815301076,1909f56bfc062723c751e8b465ee728b)  -> (artifact id: 'fb14f5a0067e70a21dbfb2cffd1afb34') in 0.056480 seconds 
========================================================================
Received Import Request.
  Time since last request: 0.001805 seconds.
  path: Packages/com.unity.textmeshpro/Editor Resources/Textures/btn_AlignJustified_Light.psd
  artifactKey: Guid(fa6bd40a216346b783a4cce741d277a5) Importer(815301076,1909f56bfc062723c751e8b465ee728b)
Start importing Packages/com.unity.textmeshpro/Editor Resources/Textures/btn_AlignJustified_Light.psd using Guid(fa6bd40a216346b783a4cce741d277a5) Importer(815301076,1909f56bfc062723c751e8b465ee728b)  -> (artifact id: '3211d31229369d1e96a90b859d834ec1') in 0.018276 seconds 
========================================================================
Received Import Request.
  Time since last request: 0.251199 seconds.
  path: Packages/com.unity.timeline/Editor/StyleSheets/Images/Shared/TimelineGroupBackground.png
  artifactKey: Guid(6ca5daa3415451940921fa7e2c3db9e8) Importer(815301076,1909f56bfc062723c751e8b465ee728b)
Start importing Packages/com.unity.timeline/Editor/StyleSheets/Images/Shared/TimelineGroupBackground.png using Guid(6ca5daa3415451940921fa7e2c3db9e8) Importer(815301076,1909f56bfc062723c751e8b465ee728b)  -> (artifact id: '41a687758922dba2d56b974c79467811') in 0.014307 seconds 
========================================================================
Received Import Request.
  Time since last request: 4.394848 seconds.
  path: Packages/com.unity.collab-proxy/Editor/PlasticSCM/Assets/Images/d_iconcheckedoutlocaloverlay.png
  artifactKey: Guid(bb1928aff4fd4cf44af1f629dc14ef9b) Importer(815301076,1909f56bfc062723c751e8b465ee728b)
Start importing Packages/com.unity.collab-proxy/Editor/PlasticSCM/Assets/Images/d_iconcheckedoutlocaloverlay.png using Guid(bb1928aff4fd4cf44af1f629dc14ef9b) Importer(815301076,1909f56bfc062723c751e8b465ee728b)  -> (artifact id: '6b3c8eae18e85f00351b585310c46d56') in 0.012858 seconds 
========================================================================
Received Import Request.
  Time since last request: 0.000433 seconds.
  path: Packages/com.unity.collab-proxy/Editor/PlasticSCM/Assets/Images/d_iconconflictresolvedoverlay.png
  artifactKey: Guid(056ee72c467a4e24d87541d42839ca72) Importer(815301076,1909f56bfc062723c751e8b465ee728b)
Start importing Packages/com.unity.collab-proxy/Editor/PlasticSCM/Assets/Images/d_iconconflictresolvedoverlay.png using Guid(056ee72c467a4e24d87541d42839ca72) Importer(815301076,1909f56bfc062723c751e8b465ee728b)  -> (artifact id: '58939cb711f3d6ab50ea54220e9e46f2') in 0.028084 seconds 
========================================================================
Received Import Request.
  Time since last request: 0.000358 seconds.
  path: Packages/com.unity.collab-proxy/Editor/PlasticSCM/Assets/Images/d_iconconflictresolvedoverlay@2x.png
  artifactKey: Guid(4a231ba0e81e63849a8f985c228e8acd) Importer(815301076,1909f56bfc062723c751e8b465ee728b)
Start importing Packages/com.unity.collab-proxy/Editor/PlasticSCM/Assets/Images/d_iconconflictresolvedoverlay@2x.png using Guid(4a231ba0e81e63849a8f985c228e8acd) Importer(815301076,1909f56bfc062723c751e8b465ee728b)  -> (artifact id: '8ea2b365375148762bc75e44659b2d26') in 0.016164 seconds 
========================================================================
Received Import Request.
  Time since last request: 0.000987 seconds.
  path: Packages/com.unity.collab-proxy/Editor/PlasticSCM/Assets/Images/d_iconcheckedoutlocaloverlay@2x.png
  artifactKey: Guid(8d98ab6168c3e91439339f1908b8fe97) Importer(815301076,1909f56bfc062723c751e8b465ee728b)
Start importing Packages/com.unity.collab-proxy/Editor/PlasticSCM/Assets/Images/d_iconcheckedoutlocaloverlay@2x.png using Guid(8d98ab6168c3e91439339f1908b8fe97) Importer(815301076,1909f56bfc062723c751e8b465ee728b)  -> (artifact id: '06ec95caf62a215ca2df230c0e3f2a50') in 0.040950 seconds 
========================================================================
Received Import Request.
  Time since last request: 0.000412 seconds.
  path: Packages/com.unity.collab-proxy/Editor/PlasticSCM/Assets/Images/d_iconconflictedoverlay.png
  artifactKey: Guid(a892bcc7ae1871447926b3c44d158763) Importer(815301076,1909f56bfc062723c751e8b465ee728b)
Start importing Packages/com.unity.collab-proxy/Editor/PlasticSCM/Assets/Images/d_iconconflictedoverlay.png using Guid(a892bcc7ae1871447926b3c44d158763) Importer(815301076,1909f56bfc062723c751e8b465ee728b)  -> (artifact id: '4231cf3a1c5a852d20cd7ce2f7917df7') in 0.026694 seconds 
========================================================================
Received Import Request.
  Time since last request: 0.000395 seconds.
  path: Packages/com.unity.collab-proxy/Editor/PlasticSCM/Assets/Images/d_iconconflictedoverlay@2x.png
  artifactKey: Guid(a3ced8f7044b9de4787602a9e9b20ea7) Importer(815301076,1909f56bfc062723c751e8b465ee728b)
Start importing Packages/com.unity.collab-proxy/Editor/PlasticSCM/Assets/Images/d_iconconflictedoverlay@2x.png using Guid(a3ced8f7044b9de4787602a9e9b20ea7) Importer(815301076,1909f56bfc062723c751e8b465ee728b)  -> (artifact id: 'a826ae7864eceee8ec67a34e8c850f48') in 0.026971 seconds 
========================================================================
Received Import Request.
  Time since last request: 0.455667 seconds.
  path: Packages/com.unity.textmeshpro/Editor Resources/Gizmos/TMP - Dropdown Icon.psd
  artifactKey: Guid(a7ec9e7ad8b847b7ae4510af83c5d868) Importer(815301076,1909f56bfc062723c751e8b465ee728b)
Start importing Packages/com.unity.textmeshpro/Editor Resources/Gizmos/TMP - Dropdown Icon.psd using Guid(a7ec9e7ad8b847b7ae4510af83c5d868) Importer(815301076,1909f56bfc062723c751e8b465ee728b)  -> (artifact id: '425858afb9f366498e226795da349811') in 0.014775 seconds 
========================================================================
Received Import Request.
  Time since last request: 940.909312 seconds.
  path: Assets/materiales/space/frontImage.png
  artifactKey: Guid(30d3a93580c2d48778dc8766f174505a) Importer(815301076,1909f56bfc062723c751e8b465ee728b)
Start importing Assets/materiales/space/frontImage.png using Guid(30d3a93580c2d48778dc8766f174505a) Importer(815301076,1909f56bfc062723c751e8b465ee728b)  -> (artifact id: 'a932c95f68c0134fcf0661a06251960d') in 0.366517 seconds 
========================================================================
Received Import Request.
  Time since last request: 0.000720 seconds.
  path: Assets/materiales/space/upImage.png
  artifactKey: Guid(83c9cfa0f649844868d82cd5a62ab845) Importer(815301076,1909f56bfc062723c751e8b465ee728b)
Start importing Assets/materiales/space/upImage.png using Guid(83c9cfa0f649844868d82cd5a62ab845) Importer(815301076,1909f56bfc062723c751e8b465ee728b)  -> (artifact id: 'fc7df0ea97f1a32d562dabb500db0628') in 0.026689 seconds 
========================================================================
Received Import Request.
  Time since last request: 0.002843 seconds.
  path: Assets/materiales/space/leftImage.png
  artifactKey: Guid(ed9a22e2a2b9f47c2a129e27589fcfd9) Importer(815301076,1909f56bfc062723c751e8b465ee728b)
Start importing Assets/materiales/space/leftImage.png using Guid(ed9a22e2a2b9f47c2a129e27589fcfd9) Importer(815301076,1909f56bfc062723c751e8b465ee728b)  -> (artifact id: '6f36256080afad2486c060b01ebd3e68') in 0.071518 seconds 
========================================================================
Received Import Request.
  Time since last request: 0.000340 seconds.
  path: Assets/materiales/space/rightImage.png
  artifactKey: Guid(6a471fe30a5de40c99cab8aef33954bd) Importer(815301076,1909f56bfc062723c751e8b465ee728b)
Start importing Assets/materiales/space/rightImage.png using Guid(6a471fe30a5de40c99cab8aef33954bd) Importer(815301076,1909f56bfc062723c751e8b465ee728b)  -> (artifact id: '654397fe9a082e63af1b70962dc98307') in 0.027259 seconds 
========================================================================
Received Import Request.
  Time since last request: 0.000746 seconds.
  path: Assets/materiales/space/backImage.png
  artifactKey: Guid(353797fe8b05547c9a95a8e9514ece09) Importer(815301076,1909f56bfc062723c751e8b465ee728b)
Start importing Assets/materiales/space/backImage.png using Guid(353797fe8b05547c9a95a8e9514ece09) Importer(815301076,1909f56bfc062723c751e8b465ee728b)  -> (artifact id: 'edb937d646560755fcb13b8a25e1e869') in 0.028502 seconds 
========================================================================
Received Import Request.
  Time since last request: 0.000331 seconds.
  path: Assets/materiales/space/downImage.png
  artifactKey: Guid(0e4e53fbe01b24d6f9747604c9d2f794) Importer(815301076,1909f56bfc062723c751e8b465ee728b)
Start importing Assets/materiales/space/downImage.png using Guid(0e4e53fbe01b24d6f9747604c9d2f794) Importer(815301076,1909f56bfc062723c751e8b465ee728b)  -> (artifact id: '64ffdae4c4cdea0f74bc893679e88a88') in 0.032840 seconds 
========================================================================
Received Import Request.
  Time since last request: 325.961041 seconds.
  path: Assets/materiales/Cubemap.mat
  artifactKey: Guid(5a1ab5b054c124166844e428fad8e4e8) Importer(815301076,1909f56bfc062723c751e8b465ee728b)
Start importing Assets/materiales/Cubemap.mat using Guid(5a1ab5b054c124166844e428fad8e4e8) Importer(815301076,1909f56bfc062723c751e8b465ee728b)  -> (artifact id: 'b3db67d8ae64acf64f3146fa8ca80e4d') in 0.391239 seconds 
========================================================================
Received Import Request.
  Time since last request: 0.000512 seconds.
  path: Assets/materiales/Skybox.mat
  artifactKey: Guid(5382468d0ee25447b929084a737088f2) Importer(815301076,1909f56bfc062723c751e8b465ee728b)
Start importing Assets/materiales/Skybox.mat using Guid(5382468d0ee25447b929084a737088f2) Importer(815301076,1909f56bfc062723c751e8b465ee728b)  -> (artifact id: '09d13f18808d192f2c96dacb2a4f2644') in 0.485673 seconds 
========================================================================
Received Import Request.
  Time since last request: 0.000314 seconds.
  path: Assets/materiales/redspace.mat
  artifactKey: Guid(52e561919562b48f4bc806ac34ff53a6) Importer(815301076,1909f56bfc062723c751e8b465ee728b)
Start importing Assets/materiales/redspace.mat using Guid(52e561919562b48f4bc806ac34ff53a6) Importer(815301076,1909f56bfc062723c751e8b465ee728b)  -> (artifact id: 'd0da0ab35392d116832c636839c13663') in 0.587295 seconds 
========================================================================
Received Import Request.
  Time since last request: 0.000440 seconds.
  path: Assets/materiales/esfera.mat
  artifactKey: Guid(10c5911f79aeb4fafba617a85336d80a) Importer(815301076,1909f56bfc062723c751e8b465ee728b)
Start importing Assets/materiales/esfera.mat using Guid(10c5911f79aeb4fafba617a85336d80a) Importer(815301076,1909f56bfc062723c751e8b465ee728b)  -> (artifact id: '49506c76e60ee18f30a7d5a4a401ae10') in 0.013579 seconds 
========================================================================
Received Import Request.
  Time since last request: 139.882581 seconds.
  path: Assets/materiales/cubo.mat
  artifactKey: Guid(4f89a3996da924fb288fc81c3fb5392a) Importer(815301076,1909f56bfc062723c751e8b465ee728b)
Start importing Assets/materiales/cubo.mat using Guid(4f89a3996da924fb288fc81c3fb5392a) Importer(815301076,1909f56bfc062723c751e8b465ee728b)  -> (artifact id: '868b0d78adcfc1dabaed99a4d170330e') in 0.069994 seconds 
========================================================================
Received Import Request.
  Time since last request: 40.635825 seconds.
  path: Assets/materiales/Plano.mat
  artifactKey: Guid(4890c80a141194948be7c50cd8289121) Importer(815301076,1909f56bfc062723c751e8b465ee728b)
Start importing Assets/materiales/Plano.mat using Guid(4890c80a141194948be7c50cd8289121) Importer(815301076,1909f56bfc062723c751e8b465ee728b)  -> (artifact id: '69d52ea8609ac3e178024605979914b8') in 0.020458 seconds 
========================================================================
Received Import Request.
  Time since last request: 723.208668 seconds.
  path: Assets/Scenes/postproduccion.unity
  artifactKey: Guid(9109ff9d52fe444a3b7034ed8900d78e) Importer(815301076,1909f56bfc062723c751e8b465ee728b)
Start importing Assets/Scenes/postproduccion.unity using Guid(9109ff9d52fe444a3b7034ed8900d78e) Importer(815301076,1909f56bfc062723c751e8b465ee728b)  -> (artifact id: '310a3d1902ae851345261ec2e4e7fba2') in 0.016779 seconds 
========================================================================
Received Prepare
Registering precompiled user dll's ...
Registered in 0.004407 seconds.
Begin MonoManager ReloadAssembly
Native extension for OSXStandalone target not found
Refreshing native plugins compatible for Editor in 1.27 ms, found 2 plugins.
Preloading 0 native plugins for Editor in 0.00 ms.
2023-04-30 12:44:26.579 Unity[32599:12773028] NSEventModifierFlagFunction specified to -setKeyEquivalentModifierMask: for item <NSMenuItem: 0x7fe73d198820 Font Asset, ke='Command-F12'>, but is only supported for system-provided menu items; will not be used
[ScriptCompilation] NOT recompiling all scripts because this is an import worker process. Reason to compile was: Define symbols changed
Mono: successfully reloaded assembly
- Completed reload, in  3.613 seconds
Domain Reload Profiling:
	ReloadAssembly (3619ms)
		BeginReloadAssembly (712ms)
			ExecutionOrderSort (0ms)
			DisableScriptedObjects (31ms)
			BackupInstance (0ms)
			ReleaseScriptingObjects (1ms)
			CreateAndSetChildDomain (326ms)
		EndReloadAssembly (2686ms)
			LoadAssemblies (425ms)
			RebuildTransferFunctionScriptingTraits (0ms)
			SetupTypeCache (1071ms)
			ReleaseScriptCaches (2ms)
			RebuildScriptCaches (165ms)
			SetupLoadedEditorAssemblies (756ms)
				LogAssemblyErrors (0ms)
				InitializePlatformSupportModulesInManaged (16ms)
				SetLoadedEditorAssemblies (2ms)
				RefreshPlugins (1ms)
				BeforeProcessingInitializeOnLoad (321ms)
				ProcessInitializeOnLoadAttributes (392ms)
				ProcessInitializeOnLoadMethodAttributes (21ms)
				AfterProcessingInitializeOnLoad (3ms)
				EditorAssembliesLoaded (0ms)
			ExecutionOrderSort2 (0ms)
			AwakeInstancesAfterBackupRestoration (10ms)
Platform modules already initialized, skipping
Refreshing native plugins compatible for Editor in 0.40 ms, found 2 plugins.
Preloading 0 native plugins for Editor in 0.00 ms.
Unloading 1438 Unused Serialized files (Serialized files now loaded: 0)
System memory in use before: 105.9 MB.
System memory in use after: 104.3 MB.

Unloading 39 unused Assets to reduce memory usage. Loaded Objects now: 1978.
Total: 3.852967 ms (FindLiveObjects: 0.221884 ms CreateObjectMapping: 0.121443 ms MarkObjects: 2.610637 ms  DeleteObjects: 0.897883 ms)

AssetImportParameters requested are different than current active one (requested -> active):
  custom:video-decoder-ogg-theora: a1e56fd34408186e4bbccfd4996cb3dc -> 
  custom:container-muxer-webm: aa71ff27fc2769a1b78a27578f13a17b -> 
  custom:container-demuxer-webm: 4f35f7cbe854078d1ac9338744f61a02 -> 
  custom:container-demuxer-ogg: 62fdf1f143b41e24485cea50d1cbac27 -> 
  custom:video-encoder-webm-vp8: eb34c28f22e8b96e1ab97ce403110664 -> 
  custom:framework-osx-AVFoundation: e770b220cccbd017edd2c1fefb359320 -> 
  custom:video-decoder-webm-vp8: 9c59270c3fd7afecdb556c50c9e8de78 -> 
  custom:audio-decoder-ogg-vorbis: bf7c407c2cedff20999df2af8eb42d56 -> 
  custom:audio-encoder-webm-vorbis: bf7c407c2cedff20999df2af8eb42d56 -> 
========================================================================
Received Import Request.
  Time since last request: 987.487848 seconds.
  path: Assets/Scenes/pasillo03.FBX
  artifactKey: Guid(01f82731867254862971771370e02d2c) Importer(815301076,1909f56bfc062723c751e8b465ee728b)
Start importing Assets/Scenes/pasillo03.FBX using Guid(01f82731867254862971771370e02d2c) Importer(815301076,1909f56bfc062723c751e8b465ee728b)  -> (artifact id: '7ce88caa1c4b817dc4cbf5d1712b38c5') in 1.170661 seconds 
========================================================================
Received Import Request.
  Time since last request: 8.190927 seconds.
  path: Assets/materiales/cubo.mat
  artifactKey: Guid(4f89a3996da924fb288fc81c3fb5392a) Importer(815301076,1909f56bfc062723c751e8b465ee728b)
Start importing Assets/materiales/cubo.mat using Guid(4f89a3996da924fb288fc81c3fb5392a) Importer(815301076,1909f56bfc062723c751e8b465ee728b)  -> (artifact id: '69c0d275d97c751b839debd65ac89aa2') in 0.026740 seconds 
========================================================================
Received Import Request.
  Time since last request: 0.000351 seconds.
  path: Assets/materiales/Plano.mat
  artifactKey: Guid(4890c80a141194948be7c50cd8289121) Importer(815301076,1909f56bfc062723c751e8b465ee728b)
Start importing Assets/materiales/Plano.mat using Guid(4890c80a141194948be7c50cd8289121) Importer(815301076,1909f56bfc062723c751e8b465ee728b)  -> (artifact id: '60bddeaaf76fe3c6cc1613bb920cefc6') in 0.022930 seconds 
========================================================================
Received Import Request.
  Time since last request: 28.545132 seconds.
  path: Assets/Scenes/pasillo03.FBX
  artifactKey: Guid(80269f8d8c1b04f5ab1f00d0fc88f8ca) Importer(815301076,1909f56bfc062723c751e8b465ee728b)
Start importing Assets/Scenes/pasillo03.FBX using Guid(80269f8d8c1b04f5ab1f00d0fc88f8ca) Importer(815301076,1909f56bfc062723c751e8b465ee728b)  -> (artifact id: 'f0f5444c503fc676cbec5f3974100fe4') in 0.246084 seconds 
========================================================================
Received Prepare
Registering precompiled user dll's ...
Registered in 0.003921 seconds.
Begin MonoManager ReloadAssembly
Native extension for OSXStandalone target not found
Refreshing native plugins compatible for Editor in 1.34 ms, found 2 plugins.
Preloading 0 native plugins for Editor in 0.00 ms.
2023-04-30 14:22:06.433 Unity[32599:12773028] NSEventModifierFlagFunction specified to -setKeyEquivalentModifierMask: for item <NSMenuItem: 0x7fe73d078c80 Font Asset, ke='Command-F12'>, but is only supported for system-provided menu items; will not be used
[ScriptCompilation] NOT recompiling all scripts because this is an import worker process. Reason to compile was: Define symbols changed
Mono: successfully reloaded assembly
- Completed reload, in  2.857 seconds
Domain Reload Profiling:
	ReloadAssembly (2861ms)
		BeginReloadAssembly (686ms)
			ExecutionOrderSort (0ms)
			DisableScriptedObjects (30ms)
			BackupInstance (0ms)
			ReleaseScriptingObjects (1ms)
			CreateAndSetChildDomain (288ms)
		EndReloadAssembly (2048ms)
			LoadAssemblies (367ms)
			RebuildTransferFunctionScriptingTraits (0ms)
			SetupTypeCache (712ms)
			ReleaseScriptCaches (1ms)
			RebuildScriptCaches (83ms)
			SetupLoadedEditorAssemblies (785ms)
				LogAssemblyErrors (0ms)
				InitializePlatformSupportModulesInManaged (14ms)
				SetLoadedEditorAssemblies (4ms)
				RefreshPlugins (1ms)
				BeforeProcessingInitializeOnLoad (396ms)
				ProcessInitializeOnLoadAttributes (355ms)
				ProcessInitializeOnLoadMethodAttributes (12ms)
				AfterProcessingInitializeOnLoad (2ms)
				EditorAssembliesLoaded (0ms)
			ExecutionOrderSort2 (0ms)
			AwakeInstancesAfterBackupRestoration (13ms)
Platform modules already initialized, skipping
Refreshing native plugins compatible for Editor in 0.38 ms, found 2 plugins.
Preloading 0 native plugins for Editor in 0.00 ms.
Unloading 1438 Unused Serialized files (Serialized files now loaded: 0)
System memory in use before: 110.9 MB.
System memory in use after: 109.3 MB.

Unloading 40 unused Assets to reduce memory usage. Loaded Objects now: 1996.
Total: 4.745906 ms (FindLiveObjects: 0.237703 ms CreateObjectMapping: 0.055757 ms MarkObjects: 3.348568 ms  DeleteObjects: 1.102818 ms)

AssetImportParameters requested are different than current active one (requested -> active):
  custom:video-decoder-ogg-theora: a1e56fd34408186e4bbccfd4996cb3dc -> 
  custom:container-muxer-webm: aa71ff27fc2769a1b78a27578f13a17b -> 
  custom:container-demuxer-webm: 4f35f7cbe854078d1ac9338744f61a02 -> 
  custom:container-demuxer-ogg: 62fdf1f143b41e24485cea50d1cbac27 -> 
  custom:video-encoder-webm-vp8: eb34c28f22e8b96e1ab97ce403110664 -> 
  custom:framework-osx-AVFoundation: e770b220cccbd017edd2c1fefb359320 -> 
  custom:video-decoder-webm-vp8: 9c59270c3fd7afecdb556c50c9e8de78 -> 
  custom:audio-decoder-ogg-vorbis: bf7c407c2cedff20999df2af8eb42d56 -> 
  custom:audio-encoder-webm-vorbis: bf7c407c2cedff20999df2af8eb42d56 -> 
========================================================================
Received Import Request.
  Time since last request: 5482.099658 seconds.
  path: ProjectSettings/TagManager.asset
  artifactKey: Guid(00000000000000003000000000000000) Importer(815301076,1909f56bfc062723c751e8b465ee728b)
Start importing ProjectSettings/TagManager.asset using Guid(00000000000000003000000000000000) Importer(815301076,1909f56bfc062723c751e8b465ee728b)  -> (artifact id: 'ce6a35c3cddc746e7501c0bd0ed6d4ce') in 0.899540 seconds 
========================================================================
Received Import Request.
  Time since last request: 100.699114 seconds.
  path: Assets/Scenes
  artifactKey: Guid(6ea315d0fd7389c41b19996891e99ae3) Importer(815301076,1909f56bfc062723c751e8b465ee728b)
Start importing Assets/Scenes using Guid(6ea315d0fd7389c41b19996891e99ae3) Importer(815301076,1909f56bfc062723c751e8b465ee728b)  -> (artifact id: '9168112a17b07f3ee034ca0d2dc1544d') in 0.002390 seconds 
========================================================================
Received Import Request.
  Time since last request: 31.420560 seconds.
  path: Assets/Scenes/postproduccion.unity
  artifactKey: Guid(9109ff9d52fe444a3b7034ed8900d78e) Importer(815301076,1909f56bfc062723c751e8b465ee728b)
Start importing Assets/Scenes/postproduccion.unity using Guid(9109ff9d52fe444a3b7034ed8900d78e) Importer(815301076,1909f56bfc062723c751e8b465ee728b)  -> (artifact id: 'ad675ec83a64efb614c02df07b42ddb6') in 0.005865 seconds 
========================================================================
Received Import Request.
  Time since last request: 113.350144 seconds.
  path: Assets/New Post-processing Profile.asset
  artifactKey: Guid(f4294fd814ee641708a12b793ad5861a) Importer(815301076,1909f56bfc062723c751e8b465ee728b)
Start importing Assets/New Post-processing Profile.asset using Guid(f4294fd814ee641708a12b793ad5861a) Importer(815301076,1909f56bfc062723c751e8b465ee728b)  -> (artifact id: '7bed1c0ab47de929917a2161dd9ce919') in 0.042090 seconds 
========================================================================
Received Import Request.
  Time since last request: 81.927814 seconds.
  path: Assets/New Post-processing Profile.asset
  artifactKey: Guid(f4294fd814ee641708a12b793ad5861a) Importer(815301076,1909f56bfc062723c751e8b465ee728b)
Start importing Assets/New Post-processing Profile.asset using Guid(f4294fd814ee641708a12b793ad5861a) Importer(815301076,1909f56bfc062723c751e8b465ee728b)  -> (artifact id: '84877e09e2a855a9bafd989f986ad0b4') in 0.008597 seconds 
========================================================================
Received Prepare
Registering precompiled user dll's ...
Registered in 0.002363 seconds.
Begin MonoManager ReloadAssembly
Native extension for OSXStandalone target not found
Refreshing native plugins compatible for Editor in 0.36 ms, found 2 plugins.
Preloading 0 native plugins for Editor in 0.00 ms.
2023-04-30 14:45:20.903 Unity[32599:12773028] NSEventModifierFlagFunction specified to -setKeyEquivalentModifierMask: for item <NSMenuItem: 0x7fe73d0f83d0 Font Asset, ke='Command-F12'>, but is only supported for system-provided menu items; will not be used
Mono: successfully reloaded assembly
- Completed reload, in  1.929 seconds
Domain Reload Profiling:
	ReloadAssembly (1933ms)
		BeginReloadAssembly (494ms)
			ExecutionOrderSort (0ms)
			DisableScriptedObjects (23ms)
			BackupInstance (0ms)
			ReleaseScriptingObjects (0ms)
			CreateAndSetChildDomain (191ms)
		EndReloadAssembly (1348ms)
			LoadAssemblies (306ms)
			RebuildTransferFunctionScriptingTraits (0ms)
			SetupTypeCache (494ms)
			ReleaseScriptCaches (1ms)
			RebuildScriptCaches (61ms)
			SetupLoadedEditorAssemblies (462ms)
				LogAssemblyErrors (0ms)
				InitializePlatformSupportModulesInManaged (7ms)
				SetLoadedEditorAssemblies (1ms)
				RefreshPlugins (0ms)
				BeforeProcessingInitializeOnLoad (107ms)
				ProcessInitializeOnLoadAttributes (322ms)
				ProcessInitializeOnLoadMethodAttributes (21ms)
				AfterProcessingInitializeOnLoad (3ms)
				EditorAssembliesLoaded (0ms)
			ExecutionOrderSort2 (0ms)
			AwakeInstancesAfterBackupRestoration (21ms)
Platform modules already initialized, skipping
Refreshing native plugins compatible for Editor in 0.90 ms, found 2 plugins.
Preloading 0 native plugins for Editor in 0.00 ms.
Unloading 1438 Unused Serialized files (Serialized files now loaded: 0)
System memory in use before: 115.1 MB.
System memory in use after: 113.5 MB.

Unloading 40 unused Assets to reduce memory usage. Loaded Objects now: 2010.
Total: 6.536657 ms (FindLiveObjects: 0.247764 ms CreateObjectMapping: 0.065004 ms MarkObjects: 4.885238 ms  DeleteObjects: 1.336946 ms)

AssetImportParameters requested are different than current active one (requested -> active):
  custom:video-decoder-ogg-theora: a1e56fd34408186e4bbccfd4996cb3dc -> 
  custom:container-muxer-webm: aa71ff27fc2769a1b78a27578f13a17b -> 
  custom:container-demuxer-webm: 4f35f7cbe854078d1ac9338744f61a02 -> 
  custom:container-demuxer-ogg: 62fdf1f143b41e24485cea50d1cbac27 -> 
  custom:video-encoder-webm-vp8: eb34c28f22e8b96e1ab97ce403110664 -> 
  custom:framework-osx-AVFoundation: e770b220cccbd017edd2c1fefb359320 -> 
  custom:video-decoder-webm-vp8: 9c59270c3fd7afecdb556c50c9e8de78 -> 
  custom:audio-decoder-ogg-vorbis: bf7c407c2cedff20999df2af8eb42d56 -> 
  custom:audio-encoder-webm-vorbis: bf7c407c2cedff20999df2af8eb42d56 -> 
========================================================================
Received Import Request.
  Time since last request: 1272.596247 seconds.
  path: Assets/New Post-processing Profile.asset
  artifactKey: Guid(f4294fd814ee641708a12b793ad5861a) Importer(815301076,1909f56bfc062723c751e8b465ee728b)
Start importing Assets/New Post-processing Profile.asset using Guid(f4294fd814ee641708a12b793ad5861a) Importer(815301076,1909f56bfc062723c751e8b465ee728b)  -> (artifact id: 'b89694ffad0792488eeab69e57ab8061') in 0.247660 seconds 
========================================================================
Received Import Request.
  Time since last request: 199.460847 seconds.
  path: Assets/New Post-processing Profile.asset
  artifactKey: Guid(f4294fd814ee641708a12b793ad5861a) Importer(815301076,1909f56bfc062723c751e8b465ee728b)
Start importing Assets/New Post-processing Profile.asset using Guid(f4294fd814ee641708a12b793ad5861a) Importer(815301076,1909f56bfc062723c751e8b465ee728b)  -> (artifact id: '58ec1c25725b5a68a7da0d7abd1c7d2e') in 0.009041 seconds 
========================================================================
Received Import Request.
  Time since last request: 342.031590 seconds.
  path: Assets/New Post-processing Profile.asset
  artifactKey: Guid(f4294fd814ee641708a12b793ad5861a) Importer(815301076,1909f56bfc062723c751e8b465ee728b)
Start importing Assets/New Post-processing Profile.asset using Guid(f4294fd814ee641708a12b793ad5861a) Importer(815301076,1909f56bfc062723c751e8b465ee728b)  -> (artifact id: 'bcb3ca03521730c2bbffbbe242da8bd8') in 0.150702 seconds 
========================================================================
Received Import Request.
  Time since last request: 756.222292 seconds.
  path: Assets/New Post-processing Profile.asset
  artifactKey: Guid(f4294fd814ee641708a12b793ad5861a) Importer(815301076,1909f56bfc062723c751e8b465ee728b)
Start importing Assets/New Post-processing Profile.asset using Guid(f4294fd814ee641708a12b793ad5861a) Importer(815301076,1909f56bfc062723c751e8b465ee728b)  -> (artifact id: '085fa223490d3f3bb5146a9c2338126b') in 0.062133 seconds 
========================================================================
Received Import Request.
  Time since last request: 26.902155 seconds.
  path: Assets/New Post-processing Profile.asset
  artifactKey: Guid(f4294fd814ee641708a12b793ad5861a) Importer(815301076,1909f56bfc062723c751e8b465ee728b)
Start importing Assets/New Post-processing Profile.asset using Guid(f4294fd814ee641708a12b793ad5861a) Importer(815301076,1909f56bfc062723c751e8b465ee728b)  -> (artifact id: '5e74755b5a073a2bbe29a5c110e6efb4') in 0.010973 seconds 
========================================================================
Received Import Request.
  Time since last request: 8.675845 seconds.
  path: Assets/New Post-processing Profile.asset
  artifactKey: Guid(f4294fd814ee641708a12b793ad5861a) Importer(815301076,1909f56bfc062723c751e8b465ee728b)
Start importing Assets/New Post-processing Profile.asset using Guid(f4294fd814ee641708a12b793ad5861a) Importer(815301076,1909f56bfc062723c751e8b465ee728b)  -> (artifact id: '8ced011ed671837742045fd2f4fb7748') in 0.014857 seconds 
========================================================================
Received Import Request.
  Time since last request: 60.256184 seconds.
  path: Assets/New Post-processing Profile.asset
  artifactKey: Guid(f4294fd814ee641708a12b793ad5861a) Importer(815301076,1909f56bfc062723c751e8b465ee728b)
Start importing Assets/New Post-processing Profile.asset using Guid(f4294fd814ee641708a12b793ad5861a) Importer(815301076,1909f56bfc062723c751e8b465ee728b)  -> (artifact id: '98a62b8ed64be3be78518912ce2196d5') in 0.012402 seconds 
========================================================================
Received Import Request.
  Time since last request: 319.714851 seconds.
  path: Assets/Scenes/postproduccion.unity
  artifactKey: Guid(9109ff9d52fe444a3b7034ed8900d78e) Importer(815301076,1909f56bfc062723c751e8b465ee728b)
Start importing Assets/Scenes/postproduccion.unity using Guid(9109ff9d52fe444a3b7034ed8900d78e) Importer(815301076,1909f56bfc062723c751e8b465ee728b)  -> (artifact id: '6c626bf8d04d14042b7bc916d3cd93ea') in 0.030886 seconds 
========================================================================
Received Import Request.
  Time since last request: 4.736149 seconds.
  path: Assets/Scenes/postproduccion.unity
  artifactKey: Guid(9109ff9d52fe444a3b7034ed8900d78e) Importer(815301076,1909f56bfc062723c751e8b465ee728b)
Start importing Assets/Scenes/postproduccion.unity using Guid(9109ff9d52fe444a3b7034ed8900d78e) Importer(815301076,1909f56bfc062723c751e8b465ee728b)  -> (artifact id: '4dfc8487bcc30b6fe9cf23dd09e43fd9') in 0.005916 seconds 
========================================================================
Received Import Request.
  Time since last request: 19.354091 seconds.
  path: Assets/materiales/materialpost.mat
  artifactKey: Guid(d31f0bff83e314f10abfd17334271259) Importer(815301076,1909f56bfc062723c751e8b465ee728b)
Start importing Assets/materiales/materialpost.mat using Guid(d31f0bff83e314f10abfd17334271259) Importer(815301076,1909f56bfc062723c751e8b465ee728b)  -> (artifact id: 'd91aa6ce5fb5f6a0ebf4b4e19907294f') in 0.472418 seconds 
========================================================================
Received Import Request.
  Time since last request: 1437.906350 seconds.
  path: Packages/com.unity.postprocessing/PostProcessing/Textures/SMAA/AreaTex.tga
  artifactKey: Guid(73ec4ae984a0a0f44a2be737e41a6f2f) Importer(815301076,1909f56bfc062723c751e8b465ee728b)
Start importing Packages/com.unity.postprocessing/PostProcessing/Textures/SMAA/AreaTex.tga using Guid(73ec4ae984a0a0f44a2be737e41a6f2f) Importer(815301076,1909f56bfc062723c751e8b465ee728b)  -> (artifact id: '9d207b771e81f9e3ca0a520137531f03') in 6.275108 seconds 
========================================================================
Received Prepare
Registering precompiled user dll's ...
Registered in 0.017025 seconds.
Begin MonoManager ReloadAssembly
Native extension for OSXStandalone target not found
Refreshing native plugins compatible for Editor in 0.54 ms, found 2 plugins.
Preloading 0 native plugins for Editor in 0.00 ms.
2023-04-30 16:19:55.502 Unity[32599:12773028] NSEventModifierFlagFunction specified to -setKeyEquivalentModifierMask: for item <NSMenuItem: 0x7fe739b384a0 Font Asset, ke='Command-F12'>, but is only supported for system-provided menu items; will not be used
Mono: successfully reloaded assembly
- Completed reload, in  4.774 seconds
Domain Reload Profiling:
	ReloadAssembly (4780ms)
		BeginReloadAssembly (1124ms)
			ExecutionOrderSort (0ms)
			DisableScriptedObjects (48ms)
			BackupInstance (0ms)
			ReleaseScriptingObjects (1ms)
			CreateAndSetChildDomain (599ms)
		EndReloadAssembly (3410ms)
			LoadAssemblies (575ms)
			RebuildTransferFunctionScriptingTraits (0ms)
			SetupTypeCache (1209ms)
			ReleaseScriptCaches (5ms)
			RebuildScriptCaches (205ms)
			SetupLoadedEditorAssemblies (1145ms)
				LogAssemblyErrors (0ms)
				InitializePlatformSupportModulesInManaged (21ms)
				SetLoadedEditorAssemblies (3ms)
				RefreshPlugins (1ms)
				BeforeProcessingInitializeOnLoad (295ms)
				ProcessInitializeOnLoadAttributes (795ms)
				ProcessInitializeOnLoadMethodAttributes (26ms)
				AfterProcessingInitializeOnLoad (3ms)
				EditorAssembliesLoaded (0ms)
			ExecutionOrderSort2 (0ms)
			AwakeInstancesAfterBackupRestoration (41ms)
Platform modules already initialized, skipping
Refreshing native plugins compatible for Editor in 1.44 ms, found 2 plugins.
Preloading 0 native plugins for Editor in 0.00 ms.
Unloading 1438 Unused Serialized files (Serialized files now loaded: 0)
System memory in use before: 119.2 MB.
System memory in use after: 117.7 MB.

Unloading 39 unused Assets to reduce memory usage. Loaded Objects now: 2026.
Total: 10.870606 ms (FindLiveObjects: 0.521687 ms CreateObjectMapping: 0.161815 ms MarkObjects: 7.356441 ms  DeleteObjects: 2.828541 ms)

AssetImportParameters requested are different than current active one (requested -> active):
  custom:video-decoder-ogg-theora: a1e56fd34408186e4bbccfd4996cb3dc -> 
  custom:container-muxer-webm: aa71ff27fc2769a1b78a27578f13a17b -> 
  custom:container-demuxer-webm: 4f35f7cbe854078d1ac9338744f61a02 -> 
  custom:container-demuxer-ogg: 62fdf1f143b41e24485cea50d1cbac27 -> 
  custom:video-encoder-webm-vp8: eb34c28f22e8b96e1ab97ce403110664 -> 
  custom:framework-osx-AVFoundation: e770b220cccbd017edd2c1fefb359320 -> 
  custom:video-decoder-webm-vp8: 9c59270c3fd7afecdb556c50c9e8de78 -> 
  custom:audio-decoder-ogg-vorbis: bf7c407c2cedff20999df2af8eb42d56 -> 
  custom:audio-encoder-webm-vorbis: bf7c407c2cedff20999df2af8eb42d56 -> 
========================================================================
Received Prepare
Registering precompiled user dll's ...
Registered in 0.007406 seconds.
Begin MonoManager ReloadAssembly
Native extension for OSXStandalone target not found
Refreshing native plugins compatible for Editor in 0.81 ms, found 2 plugins.
Preloading 0 native plugins for Editor in 0.00 ms.
2023-04-30 16:26:01.991 Unity[32599:12773028] NSEventModifierFlagFunction specified to -setKeyEquivalentModifierMask: for item <NSMenuItem: 0x7fe739f783e0 Font Asset, ke='Command-F12'>, but is only supported for system-provided menu items; will not be used
Mono: successfully reloaded assembly
- Completed reload, in  7.785 seconds
Domain Reload Profiling:
	ReloadAssembly (7796ms)
		BeginReloadAssembly (1260ms)
			ExecutionOrderSort (0ms)
			DisableScriptedObjects (57ms)
			BackupInstance (0ms)
			ReleaseScriptingObjects (1ms)
			CreateAndSetChildDomain (613ms)
		EndReloadAssembly (6051ms)
			LoadAssemblies (806ms)
			RebuildTransferFunctionScriptingTraits (1ms)
			SetupTypeCache (2003ms)
			ReleaseScriptCaches (12ms)
			RebuildScriptCaches (277ms)
			SetupLoadedEditorAssemblies (2119ms)
				LogAssemblyErrors (0ms)
				InitializePlatformSupportModulesInManaged (20ms)
				SetLoadedEditorAssemblies (2ms)
				RefreshPlugins (1ms)
				BeforeProcessingInitializeOnLoad (430ms)
				ProcessInitializeOnLoadAttributes (1568ms)
				ProcessInitializeOnLoadMethodAttributes (68ms)
				AfterProcessingInitializeOnLoad (26ms)
				EditorAssembliesLoaded (2ms)
			ExecutionOrderSort2 (0ms)
			AwakeInstancesAfterBackupRestoration (65ms)
Platform modules already initialized, skipping
Refreshing native plugins compatible for Editor in 0.82 ms, found 2 plugins.
Preloading 0 native plugins for Editor in 0.00 ms.
Unloading 1438 Unused Serialized files (Serialized files now loaded: 0)
System memory in use before: 119.2 MB.
System memory in use after: 117.7 MB.

Unloading 39 unused Assets to reduce memory usage. Loaded Objects now: 2040.
Total: 18.750878 ms (FindLiveObjects: 0.720279 ms CreateObjectMapping: 0.395566 ms MarkObjects: 8.462856 ms  DeleteObjects: 8.577653 ms)

AssetImportParameters requested are different than current active one (requested -> active):
  custom:video-decoder-ogg-theora: a1e56fd34408186e4bbccfd4996cb3dc -> 
  custom:container-muxer-webm: aa71ff27fc2769a1b78a27578f13a17b -> 
  custom:container-demuxer-webm: 4f35f7cbe854078d1ac9338744f61a02 -> 
  custom:container-demuxer-ogg: 62fdf1f143b41e24485cea50d1cbac27 -> 
  custom:video-encoder-webm-vp8: eb34c28f22e8b96e1ab97ce403110664 -> 
  custom:framework-osx-AVFoundation: e770b220cccbd017edd2c1fefb359320 -> 
  custom:video-decoder-webm-vp8: 9c59270c3fd7afecdb556c50c9e8de78 -> 
  custom:audio-decoder-ogg-vorbis: bf7c407c2cedff20999df2af8eb42d56 -> 
  custom:audio-encoder-webm-vorbis: bf7c407c2cedff20999df2af8eb42d56 -> 
========================================================================
Received Import Request.
  Time since last request: 2854.319192 seconds.
  path: Packages/com.unity.ugui
  artifactKey: Guid(8f7652e09069a1943278893d4264401e) Importer(815301076,1909f56bfc062723c751e8b465ee728b)
Start importing Packages/com.unity.ugui using Guid(8f7652e09069a1943278893d4264401e) Importer(815301076,1909f56bfc062723c751e8b465ee728b)  -> (artifact id: '9be8eef517426cf4e5d1ef023f0f7cab') in 0.259792 seconds 
========================================================================
Received Import Request.
  Time since last request: 12.647661 seconds.
  path: Assets/Scenes/SampleScene.unity
  artifactKey: Guid(9fc0d4010bbf28b4594072e72b8655ab) Importer(815301076,1909f56bfc062723c751e8b465ee728b)
Start importing Assets/Scenes/SampleScene.unity using Guid(9fc0d4010bbf28b4594072e72b8655ab) Importer(815301076,1909f56bfc062723c751e8b465ee728b)  -> (artifact id: '51f8c186ec9ab132ea9d8a3965e34938') in 0.007957 seconds 
========================================================================
Received Import Request.
  Time since last request: 8.144905 seconds.
  path: Assets/materiales/materialpost.mat
  artifactKey: Guid(d31f0bff83e314f10abfd17334271259) Importer(815301076,1909f56bfc062723c751e8b465ee728b)
Start importing Assets/materiales/materialpost.mat using Guid(d31f0bff83e314f10abfd17334271259) Importer(815301076,1909f56bfc062723c751e8b465ee728b)  -> (artifact id: 'c80d2b62d9ee15714ce63d54adf02ffd') in 0.210067 seconds 
========================================================================
Received Import Request.
  Time since last request: 6.086310 seconds.
  path: Assets/materiales/baseIlumina.fbx
  artifactKey: Guid(e17fe6705bf574aa2bab2980e78dfdfa) Importer(815301076,1909f56bfc062723c751e8b465ee728b)
Start importing Assets/materiales/baseIlumina.fbx using Guid(e17fe6705bf574aa2bab2980e78dfdfa) Importer(815301076,1909f56bfc062723c751e8b465ee728b)  -> (artifact id: 'b2ed925da38b403b5f07915e14c31229') in 0.615048 seconds 
========================================================================
Received Prepare
Registering precompiled user dll's ...
Registered in 0.001767 seconds.
Begin MonoManager ReloadAssembly
Native extension for OSXStandalone target not found
Refreshing native plugins compatible for Editor in 0.37 ms, found 2 plugins.
Preloading 0 native plugins for Editor in 0.00 ms.
2023-04-30 16:54:53.756 Unity[32599:12773028] NSEventModifierFlagFunction specified to -setKeyEquivalentModifierMask: for item <NSMenuItem: 0x7fe739dcb2b0 Font Asset, ke='Command-F12'>, but is only supported for system-provided menu items; will not be used
Mono: successfully reloaded assembly
- Completed reload, in  1.701 seconds
Domain Reload Profiling:
	ReloadAssembly (1704ms)
		BeginReloadAssembly (420ms)
			ExecutionOrderSort (0ms)
			DisableScriptedObjects (12ms)
			BackupInstance (0ms)
			ReleaseScriptingObjects (0ms)
			CreateAndSetChildDomain (167ms)
		EndReloadAssembly (1198ms)
			LoadAssemblies (300ms)
			RebuildTransferFunctionScriptingTraits (0ms)
			SetupTypeCache (425ms)
			ReleaseScriptCaches (1ms)
			RebuildScriptCaches (58ms)
			SetupLoadedEditorAssemblies (401ms)
				LogAssemblyErrors (0ms)
				InitializePlatformSupportModulesInManaged (9ms)
				SetLoadedEditorAssemblies (2ms)
				RefreshPlugins (0ms)
				BeforeProcessingInitializeOnLoad (108ms)
				ProcessInitializeOnLoadAttributes (268ms)
				ProcessInitializeOnLoadMethodAttributes (12ms)
				AfterProcessingInitializeOnLoad (2ms)
				EditorAssembliesLoaded (0ms)
			ExecutionOrderSort2 (0ms)
			AwakeInstancesAfterBackupRestoration (14ms)
Platform modules already initialized, skipping
Refreshing native plugins compatible for Editor in 0.47 ms, found 2 plugins.
Preloading 0 native plugins for Editor in 0.00 ms.
Unloading 1438 Unused Serialized files (Serialized files now loaded: 0)
System memory in use before: 123.4 MB.
System memory in use after: 121.9 MB.

Unloading 40 unused Assets to reduce memory usage. Loaded Objects now: 2055.
Total: 4.784435 ms (FindLiveObjects: 0.162993 ms CreateObjectMapping: 0.047046 ms MarkObjects: 3.562653 ms  DeleteObjects: 1.010783 ms)

AssetImportParameters requested are different than current active one (requested -> active):
  custom:video-decoder-ogg-theora: a1e56fd34408186e4bbccfd4996cb3dc -> 
  custom:container-muxer-webm: aa71ff27fc2769a1b78a27578f13a17b -> 
  custom:container-demuxer-webm: 4f35f7cbe854078d1ac9338744f61a02 -> 
  custom:container-demuxer-ogg: 62fdf1f143b41e24485cea50d1cbac27 -> 
  custom:video-encoder-webm-vp8: eb34c28f22e8b96e1ab97ce403110664 -> 
  custom:framework-osx-AVFoundation: e770b220cccbd017edd2c1fefb359320 -> 
  custom:video-decoder-webm-vp8: 9c59270c3fd7afecdb556c50c9e8de78 -> 
  custom:audio-decoder-ogg-vorbis: bf7c407c2cedff20999df2af8eb42d56 -> 
  custom:audio-encoder-webm-vorbis: bf7c407c2cedff20999df2af8eb42d56 -> 
========================================================================
Received Import Request.
  Time since last request: 1085.158043 seconds.
  path: Assets/materiales/cilindro.mat
  artifactKey: Guid(716c4cf0a0786400bbd561e4fc314be3) Importer(815301076,1909f56bfc062723c751e8b465ee728b)
Start importing Assets/materiales/cilindro.mat using Guid(716c4cf0a0786400bbd561e4fc314be3) Importer(815301076,1909f56bfc062723c751e8b465ee728b)  -> (artifact id: 'd0b5b31dc8c509368e86971e7222b3dc') in 0.095794 seconds 
========================================================================
Received Import Request.
  Time since last request: 212.118115 seconds.
  path: Assets/materiales/cilindro.mat
  artifactKey: Guid(716c4cf0a0786400bbd561e4fc314be3) Importer(815301076,1909f56bfc062723c751e8b465ee728b)
Start importing Assets/materiales/cilindro.mat using Guid(716c4cf0a0786400bbd561e4fc314be3) Importer(815301076,1909f56bfc062723c751e8b465ee728b)  -> (artifact id: 'bd3f6558709e48149c0bc81ae0ade944') in 0.023737 seconds 
========================================================================
Received Import Request.
  Time since last request: 0.000415 seconds.
  path: Assets/materiales/Plano.mat
  artifactKey: Guid(4890c80a141194948be7c50cd8289121) Importer(815301076,1909f56bfc062723c751e8b465ee728b)
Start importing Assets/materiales/Plano.mat using Guid(4890c80a141194948be7c50cd8289121) Importer(815301076,1909f56bfc062723c751e8b465ee728b)  -> (artifact id: '99be7993ca938ec3af92b131bbb1bff1') in 0.017591 seconds 
========================================================================
Received Import Request.
  Time since last request: 0.000350 seconds.
  path: Assets/materiales/cubo.mat
  artifactKey: Guid(4f89a3996da924fb288fc81c3fb5392a) Importer(815301076,1909f56bfc062723c751e8b465ee728b)
Start importing Assets/materiales/cubo.mat using Guid(4f89a3996da924fb288fc81c3fb5392a) Importer(815301076,1909f56bfc062723c751e8b465ee728b)  -> (artifact id: 'e4e242363ee73a603c13c3236ebd47ee') in 0.023373 seconds 
========================================================================
Received Import Request.
  Time since last request: 0.000690 seconds.
  path: Assets/materiales/esfera.mat
  artifactKey: Guid(10c5911f79aeb4fafba617a85336d80a) Importer(815301076,1909f56bfc062723c751e8b465ee728b)
Start importing Assets/materiales/esfera.mat using Guid(10c5911f79aeb4fafba617a85336d80a) Importer(815301076,1909f56bfc062723c751e8b465ee728b)  -> (artifact id: 'bec4ae84d551d55d35908387429ca575') in 0.043217 seconds 
========================================================================
Received Import Request.
  Time since last request: 42.009569 seconds.
  path: Assets/Scenes/postproduccion.unity
  artifactKey: Guid(9109ff9d52fe444a3b7034ed8900d78e) Importer(815301076,1909f56bfc062723c751e8b465ee728b)
Start importing Assets/Scenes/postproduccion.unity using Guid(9109ff9d52fe444a3b7034ed8900d78e) Importer(815301076,1909f56bfc062723c751e8b465ee728b)  -> (artifact id: '7a0d00472bce6149d418a0933bf8ec11') in 0.008127 seconds 
========================================================================
Received Import Request.
  Time since last request: 52.842109 seconds.
  path: Assets/Scenes/SampleScene.unity
  artifactKey: Guid(9fc0d4010bbf28b4594072e72b8655ab) Importer(815301076,1909f56bfc062723c751e8b465ee728b)
Start importing Assets/Scenes/SampleScene.unity using Guid(9fc0d4010bbf28b4594072e72b8655ab) Importer(815301076,1909f56bfc062723c751e8b465ee728b)  -> (artifact id: '8ad790e27ac272d7cac980ee4167cba3') in 0.018507 seconds 
========================================================================
Received Prepare
Refreshing native plugins compatible for Editor in 12.67 ms, found 2 plugins.
Preloading 0 native plugins for Editor in 0.00 ms.
Unloading 37 Unused Serialized files (Serialized files now loaded: 0)
System memory in use before: 95.5 MB.
System memory in use after: 94.0 MB.

Unloading 37 unused Assets to reduce memory usage. Loaded Objects now: 2056.
Total: 48.600937 ms (FindLiveObjects: 1.806370 ms CreateObjectMapping: 0.129236 ms MarkObjects: 44.844458 ms  DeleteObjects: 1.819226 ms)

AssetImportParameters requested are different than current active one (requested -> active):
  custom:video-decoder-ogg-theora: a1e56fd34408186e4bbccfd4996cb3dc -> 
  custom:container-muxer-webm: aa71ff27fc2769a1b78a27578f13a17b -> 
  custom:container-demuxer-webm: 4f35f7cbe854078d1ac9338744f61a02 -> 
  custom:container-demuxer-ogg: 62fdf1f143b41e24485cea50d1cbac27 -> 
  custom:video-encoder-webm-vp8: eb34c28f22e8b96e1ab97ce403110664 -> 
  custom:framework-osx-AVFoundation: e770b220cccbd017edd2c1fefb359320 -> 
  custom:video-decoder-webm-vp8: 9c59270c3fd7afecdb556c50c9e8de78 -> 
  custom:audio-decoder-ogg-vorbis: bf7c407c2cedff20999df2af8eb42d56 -> 
  custom:audio-encoder-webm-vorbis: bf7c407c2cedff20999df2af8eb42d56 -> 
========================================================================
Received Prepare
Refreshing native plugins compatible for Editor in 11.49 ms, found 2 plugins.
Preloading 0 native plugins for Editor in 0.00 ms.
Unloading 37 Unused Serialized files (Serialized files now loaded: 0)
System memory in use before: 95.7 MB.
System memory in use after: 94.1 MB.

Unloading 37 unused Assets to reduce memory usage. Loaded Objects now: 2056.
Total: 40.390285 ms (FindLiveObjects: 2.415287 ms CreateObjectMapping: 0.076342 ms MarkObjects: 36.099725 ms  DeleteObjects: 1.797423 ms)

AssetImportParameters requested are different than current active one (requested -> active):
  custom:video-decoder-ogg-theora: a1e56fd34408186e4bbccfd4996cb3dc -> 
  custom:container-muxer-webm: aa71ff27fc2769a1b78a27578f13a17b -> 
  custom:container-demuxer-webm: 4f35f7cbe854078d1ac9338744f61a02 -> 
  custom:container-demuxer-ogg: 62fdf1f143b41e24485cea50d1cbac27 -> 
  custom:video-encoder-webm-vp8: eb34c28f22e8b96e1ab97ce403110664 -> 
  custom:framework-osx-AVFoundation: e770b220cccbd017edd2c1fefb359320 -> 
  custom:video-decoder-webm-vp8: 9c59270c3fd7afecdb556c50c9e8de78 -> 
  custom:audio-decoder-ogg-vorbis: bf7c407c2cedff20999df2af8eb42d56 -> 
  custom:audio-encoder-webm-vorbis: bf7c407c2cedff20999df2af8eb42d56 -> 
